<?xml version="1.0" encoding="UTF-8"?>
<testsuite xmlns:xsi="http://www.w3.org/2001/XMLSchema-instance" xsi:noNamespaceSchemaLocation="https://maven.apache.org/surefire/maven-surefire-plugin/xsd/surefire-test-report-3.0.xsd" version="3.0" name="com.onepage.product.cucumber.CucumberTestSuite" time="0.508" tests="236" errors="0" skipped="236" failures="0">
  <properties>
[...]
</properties>
  <testcase name="一般使用者只看到自己的網站" classname="約束（RBAC 資料隔離）- 管理員可查看所有使用者的全部資料（REQ-034）" time="0.0">
    <skipped message="&apos;cucumber.filter.tags=not ( @ignore )&apos; did not match this scenario"/>
    <system-out><![CDATA[Standard Commons Logging discovery in action with spring-jcl: please remove commons-logging.jar from classpath in order to avoid potential conflicts
]]></system-out>
  </testcase>
  <testcase name="一般使用者只看到自己的商品" classname="約束（RBAC 資料隔離）- 管理員可查看所有使用者的全部資料（REQ-034）" time="0.0">
    <skipped message="&apos;cucumber.filter.tags=not ( @ignore )&apos; did not match this scenario"/>
  </testcase>
  <testcase name="管理員可查看所有使用者的網站" classname="約束（RBAC 資料隔離）- 管理員可查看所有使用者的全部資料（REQ-034）" time="0.0">
    <skipped message="&apos;cucumber.filter.tags=not ( @ignore )&apos; did not match this scenario"/>
  </testcase>
  <testcase name="一般使用者查詢訂單只看自己網站的訂單" classname="約束（RBAC 資料隔離）- 管理員可查看所有使用者的全部資料（REQ-034）" time="0.0">
    <skipped message="&apos;cucumber.filter.tags=not ( @ignore )&apos; did not match this scenario"/>
  </testcase>
  <testcase name="成功建立一般使用者" classname="後置（狀態）- 建立成功後新使用者可使用該帳號登入後台" time="0.0">
    <skipped message="&apos;cucumber.filter.tags=not ( @ignore )&apos; did not match this scenario"/>
  </testcase>
  <testcase name="成功建立管理員角色使用者" classname="後置（狀態）- 建立成功後新使用者可使用該帳號登入後台" time="0.0">
    <skipped message="&apos;cucumber.filter.tags=not ( @ignore )&apos; did not match this scenario"/>
  </testcase>
  <testcase name="Email 重複時拒絕建立" classname="後置（狀態）- 建立成功後新使用者可使用該帳號登入後台" time="0.0">
    <skipped message="&apos;cucumber.filter.tags=not ( @ignore )&apos; did not match this scenario"/>
  </testcase>
  <testcase name="密碼不足 8 碼時拒絕建立" classname="後置（狀態）- 建立成功後新使用者可使用該帳號登入後台" time="0.0">
    <skipped message="&apos;cucumber.filter.tags=not ( @ignore )&apos; did not match this scenario"/>
  </testcase>
  <testcase name="非管理員嘗試建立使用者" classname="後置（狀態）- 建立成功後新使用者可使用該帳號登入後台" time="0.0">
    <skipped message="&apos;cucumber.filter.tags=not ( @ignore )&apos; did not match this scenario"/>
  </testcase>
  <testcase name="管理員成功登入" classname="約束 - 登入頁為最小 MVP（帳號+密碼+登入按鈕，無忘記密碼）" time="0.0">
    <skipped message="&apos;cucumber.filter.tags=not ( @ignore )&apos; did not match this scenario"/>
  </testcase>
  <testcase name="一般使用者成功登入" classname="約束 - 登入頁為最小 MVP（帳號+密碼+登入按鈕，無忘記密碼）" time="0.0">
    <skipped message="&apos;cucumber.filter.tags=not ( @ignore )&apos; did not match this scenario"/>
  </testcase>
  <testcase name="密碼錯誤時顯示統一錯誤訊息" classname="約束 - 登入頁為最小 MVP（帳號+密碼+登入按鈕，無忘記密碼）" time="0.0">
    <skipped message="&apos;cucumber.filter.tags=not ( @ignore )&apos; did not match this scenario"/>
  </testcase>
  <testcase name="帳號不存在時顯示統一錯誤訊息" classname="約束 - 登入頁為最小 MVP（帳號+密碼+登入按鈕，無忘記密碼）" time="0.0">
    <skipped message="&apos;cucumber.filter.tags=not ( @ignore )&apos; did not match this scenario"/>
  </testcase>
  <testcase name="連續登入失敗 5 次鎖定帳號" classname="約束 - 登入頁為最小 MVP（帳號+密碼+登入按鈕，無忘記密碼）" time="0.0">
    <skipped message="&apos;cucumber.filter.tags=not ( @ignore )&apos; did not match this scenario"/>
  </testcase>
  <testcase name="帳號鎖定期間嘗試登入" classname="約束 - 登入頁為最小 MVP（帳號+密碼+登入按鈕，無忘記密碼）" time="0.0">
    <skipped message="&apos;cucumber.filter.tags=not ( @ignore )&apos; did not match this scenario"/>
  </testcase>
  <testcase name="鎖定 30 分鐘後自動解鎖" classname="約束 - 登入頁為最小 MVP（帳號+密碼+登入按鈕，無忘記密碼）" time="0.0">
    <skipped message="&apos;cucumber.filter.tags=not ( @ignore )&apos; did not match this scenario"/>
  </testcase>
  <testcase name="Access Token 過期後使用 Refresh Token 換發" classname="約束 - 登入頁為最小 MVP（帳號+密碼+登入按鈕，無忘記密碼）" time="0.0">
    <skipped message="&apos;cucumber.filter.tags=not ( @ignore )&apos; did not match this scenario"/>
  </testcase>
  <testcase name="將一般使用者升級為管理員" classname="後置（回應）- 權限管理頁為使用者清單表格 + 角色下拉選單" time="0.0">
    <skipped message="&apos;cucumber.filter.tags=not ( @ignore )&apos; did not match this scenario"/>
  </testcase>
  <testcase name="將管理員降級為一般使用者" classname="後置（回應）- 權限管理頁為使用者清單表格 + 角色下拉選單" time="0.0">
    <skipped message="&apos;cucumber.filter.tags=not ( @ignore )&apos; did not match this scenario"/>
  </testcase>
  <testcase name="不可將最後一位管理員降級" classname="後置（回應）- 權限管理頁為使用者清單表格 + 角色下拉選單" time="0.0">
    <skipped message="&apos;cucumber.filter.tags=not ( @ignore )&apos; did not match this scenario"/>
  </testcase>
  <testcase name="非管理員嘗試存取使用者管理頁" classname="後置（回應）- 權限管理頁為使用者清單表格 + 角色下拉選單" time="0.0">
    <skipped message="&apos;cucumber.filter.tags=not ( @ignore )&apos; did not match this scenario"/>
  </testcase>
  <testcase name="查看庫存管理清單" classname="後置（回應）- 顯示商品名稱、目前庫存數量、低庫存門檻" time="0.0">
    <skipped message="&apos;cucumber.filter.tags=not ( @ignore )&apos; did not match this scenario"/>
  </testcase>
  <testcase name="無商品時顯示空清單" classname="後置（回應）- 顯示商品名稱、目前庫存數量、低庫存門檻" time="0.0">
    <skipped message="&apos;cucumber.filter.tags=not ( @ignore )&apos; did not match this scenario"/>
  </testcase>
  <testcase name="Example #1.1" classname="Examples" time="0.0">
    <skipped message="&apos;cucumber.filter.tags=not ( @ignore )&apos; did not match this scenario"/>
  </testcase>
  <testcase name="Example #1.1" classname="Examples" time="0.0">
    <skipped message="&apos;cucumber.filter.tags=not ( @ignore )&apos; did not match this scenario"/>
  </testcase>
  <testcase name="Example #1.1" classname="Examples" time="0.0">
    <skipped message="&apos;cucumber.filter.tags=not ( @ignore )&apos; did not match this scenario"/>
  </testcase>
  <testcase name="Example #1.1" classname="Examples" time="0.0">
    <skipped message="&apos;cucumber.filter.tags=not ( @ignore )&apos; did not match this scenario"/>
  </testcase>
  <testcase name="Example #1.1" classname="Examples" time="0.0">
    <skipped message="&apos;cucumber.filter.tags=not ( @ignore )&apos; did not match this scenario"/>
  </testcase>
  <testcase name="Example #1.1" classname="Examples" time="0.0">
    <skipped message="&apos;cucumber.filter.tags=not ( @ignore )&apos; did not match this scenario"/>
  </testcase>
  <testcase name="Example #1.1" classname="Examples" time="0.0">
    <skipped message="&apos;cucumber.filter.tags=not ( @ignore )&apos; did not match this scenario"/>
  </testcase>
  <testcase name="Example #1.1" classname="Examples" time="0.0">
    <skipped message="&apos;cucumber.filter.tags=not ( @ignore )&apos; did not match this scenario"/>
  </testcase>
  <testcase name="Example #1.1" classname="Examples" time="0.0">
    <skipped message="&apos;cucumber.filter.tags=not ( @ignore )&apos; did not match this scenario"/>
  </testcase>
  <testcase name="Example #1.1" classname="Examples" time="0.0">
    <skipped message="&apos;cucumber.filter.tags=not ( @ignore )&apos; did not match this scenario"/>
  </testcase>
  <testcase name="Example #1.1" classname="Examples" time="0.0">
    <skipped message="&apos;cucumber.filter.tags=not ( @ignore )&apos; did not match this scenario"/>
  </testcase>
  <testcase name="Example #1.1" classname="Examples" time="0.0">
    <skipped message="&apos;cucumber.filter.tags=not ( @ignore )&apos; did not match this scenario"/>
  </testcase>
  <testcase name="Example #1.1" classname="Examples" time="0.0">
    <skipped message="&apos;cucumber.filter.tags=not ( @ignore )&apos; did not match this scenario"/>
  </testcase>
  <testcase name="Example #1.1" classname="Examples" time="0.0">
    <skipped message="&apos;cucumber.filter.tags=not ( @ignore )&apos; did not match this scenario"/>
  </testcase>
  <testcase name="Example #1.1" classname="Examples" time="0.0">
    <skipped message="&apos;cucumber.filter.tags=not ( @ignore )&apos; did not match this scenario"/>
  </testcase>
  <testcase name="Example #1.1" classname="Examples" time="0.0">
    <skipped message="&apos;cucumber.filter.tags=not ( @ignore )&apos; did not match this scenario"/>
  </testcase>
  <testcase name="Example #1.1" classname="Examples" time="0.0">
    <skipped message="&apos;cucumber.filter.tags=not ( @ignore )&apos; did not match this scenario"/>
  </testcase>
  <testcase name="Example #1.1" classname="Examples" time="0.0">
    <skipped message="&apos;cucumber.filter.tags=not ( @ignore )&apos; did not match this scenario"/>
  </testcase>
  <testcase name="Example #1.1" classname="Examples" time="0.0">
    <skipped message="&apos;cucumber.filter.tags=not ( @ignore )&apos; did not match this scenario"/>
  </testcase>
  <testcase name="Example #1.1" classname="Examples" time="0.0">
    <skipped message="&apos;cucumber.filter.tags=not ( @ignore )&apos; did not match this scenario"/>
  </testcase>
  <testcase name="Example #1.1" classname="Examples" time="0.0">
    <skipped message="&apos;cucumber.filter.tags=not ( @ignore )&apos; did not match this scenario"/>
  </testcase>
  <testcase name="Example #1.1" classname="Examples" time="0.0">
    <skipped message="&apos;cucumber.filter.tags=not ( @ignore )&apos; did not match this scenario"/>
  </testcase>
  <testcase name="Example #1.1" classname="Examples" time="0.0">
    <skipped message="&apos;cucumber.filter.tags=not ( @ignore )&apos; did not match this scenario"/>
  </testcase>
  <testcase name="Example #1.1" classname="Examples" time="0.0">
    <skipped message="&apos;cucumber.filter.tags=not ( @ignore )&apos; did not match this scenario"/>
  </testcase>
  <testcase name="Example #1.1" classname="Examples" time="0.0">
    <skipped message="&apos;cucumber.filter.tags=not ( @ignore )&apos; did not match this scenario"/>
  </testcase>
  <testcase name="Example #1.1" classname="Examples" time="0.0">
    <skipped message="&apos;cucumber.filter.tags=not ( @ignore )&apos; did not match this scenario"/>
  </testcase>
  <testcase name="Example #1.1" classname="Examples" time="0.0">
    <skipped message="&apos;cucumber.filter.tags=not ( @ignore )&apos; did not match this scenario"/>
  </testcase>
  <testcase name="Example #1.1" classname="Examples" time="0.0">
    <skipped message="&apos;cucumber.filter.tags=not ( @ignore )&apos; did not match this scenario"/>
  </testcase>
  <testcase name="Example #1.1" classname="Examples" time="0.0">
    <skipped message="&apos;cucumber.filter.tags=not ( @ignore )&apos; did not match this scenario"/>
  </testcase>
  <testcase name="Example #1.1" classname="Examples" time="0.0">
    <skipped message="&apos;cucumber.filter.tags=not ( @ignore )&apos; did not match this scenario"/>
  </testcase>
  <testcase name="Example #1.1" classname="Examples" time="0.0">
    <skipped message="&apos;cucumber.filter.tags=not ( @ignore )&apos; did not match this scenario"/>
  </testcase>
  <testcase name="Example #1.2" classname="Examples" time="0.0">
    <skipped message="&apos;cucumber.filter.tags=not ( @ignore )&apos; did not match this scenario"/>
  </testcase>
  <testcase name="Example #1.2" classname="Examples" time="0.0">
    <skipped message="&apos;cucumber.filter.tags=not ( @ignore )&apos; did not match this scenario"/>
  </testcase>
  <testcase name="Example #1.2" classname="Examples" time="0.0">
    <skipped message="&apos;cucumber.filter.tags=not ( @ignore )&apos; did not match this scenario"/>
  </testcase>
  <testcase name="Example #1.2" classname="Examples" time="0.0">
    <skipped message="&apos;cucumber.filter.tags=not ( @ignore )&apos; did not match this scenario"/>
  </testcase>
  <testcase name="Example #1.2" classname="Examples" time="0.0">
    <skipped message="&apos;cucumber.filter.tags=not ( @ignore )&apos; did not match this scenario"/>
  </testcase>
  <testcase name="Example #1.2" classname="Examples" time="0.0">
    <skipped message="&apos;cucumber.filter.tags=not ( @ignore )&apos; did not match this scenario"/>
  </testcase>
  <testcase name="Example #1.2" classname="Examples" time="0.0">
    <skipped message="&apos;cucumber.filter.tags=not ( @ignore )&apos; did not match this scenario"/>
  </testcase>
  <testcase name="Example #1.2" classname="Examples" time="0.0">
    <skipped message="&apos;cucumber.filter.tags=not ( @ignore )&apos; did not match this scenario"/>
  </testcase>
  <testcase name="Example #1.2" classname="Examples" time="0.0">
    <skipped message="&apos;cucumber.filter.tags=not ( @ignore )&apos; did not match this scenario"/>
  </testcase>
  <testcase name="Example #1.2" classname="Examples" time="0.0">
    <skipped message="&apos;cucumber.filter.tags=not ( @ignore )&apos; did not match this scenario"/>
  </testcase>
  <testcase name="Example #1.2" classname="Examples" time="0.0">
    <skipped message="&apos;cucumber.filter.tags=not ( @ignore )&apos; did not match this scenario"/>
  </testcase>
  <testcase name="Example #1.2" classname="Examples" time="0.0">
    <skipped message="&apos;cucumber.filter.tags=not ( @ignore )&apos; did not match this scenario"/>
  </testcase>
  <testcase name="Example #1.2" classname="Examples" time="0.0">
    <skipped message="&apos;cucumber.filter.tags=not ( @ignore )&apos; did not match this scenario"/>
  </testcase>
  <testcase name="Example #1.2" classname="Examples" time="0.0">
    <skipped message="&apos;cucumber.filter.tags=not ( @ignore )&apos; did not match this scenario"/>
  </testcase>
  <testcase name="Example #1.2" classname="Examples" time="0.0">
    <skipped message="&apos;cucumber.filter.tags=not ( @ignore )&apos; did not match this scenario"/>
  </testcase>
  <testcase name="Example #1.2" classname="Examples" time="0.0">
    <skipped message="&apos;cucumber.filter.tags=not ( @ignore )&apos; did not match this scenario"/>
  </testcase>
  <testcase name="Example #1.2" classname="Examples" time="0.0">
    <skipped message="&apos;cucumber.filter.tags=not ( @ignore )&apos; did not match this scenario"/>
  </testcase>
  <testcase name="Example #1.2" classname="Examples" time="0.0">
    <skipped message="&apos;cucumber.filter.tags=not ( @ignore )&apos; did not match this scenario"/>
  </testcase>
  <testcase name="Example #1.2" classname="Examples" time="0.0">
    <skipped message="&apos;cucumber.filter.tags=not ( @ignore )&apos; did not match this scenario"/>
  </testcase>
  <testcase name="Example #1.2" classname="Examples" time="0.0">
    <skipped message="&apos;cucumber.filter.tags=not ( @ignore )&apos; did not match this scenario"/>
  </testcase>
  <testcase name="Example #1.2" classname="Examples" time="0.0">
    <skipped message="&apos;cucumber.filter.tags=not ( @ignore )&apos; did not match this scenario"/>
  </testcase>
  <testcase name="Example #1.2" classname="Examples" time="0.0">
    <skipped message="&apos;cucumber.filter.tags=not ( @ignore )&apos; did not match this scenario"/>
  </testcase>
  <testcase name="Example #1.2" classname="Examples" time="0.0">
    <skipped message="&apos;cucumber.filter.tags=not ( @ignore )&apos; did not match this scenario"/>
  </testcase>
  <testcase name="Example #1.2" classname="Examples" time="0.0">
    <skipped message="&apos;cucumber.filter.tags=not ( @ignore )&apos; did not match this scenario"/>
  </testcase>
  <testcase name="Example #1.2" classname="Examples" time="0.0">
    <skipped message="&apos;cucumber.filter.tags=not ( @ignore )&apos; did not match this scenario"/>
  </testcase>
  <testcase name="Example #1.2" classname="Examples" time="0.0">
    <skipped message="&apos;cucumber.filter.tags=not ( @ignore )&apos; did not match this scenario"/>
  </testcase>
  <testcase name="Example #1.2" classname="Examples" time="0.0">
    <skipped message="&apos;cucumber.filter.tags=not ( @ignore )&apos; did not match this scenario"/>
  </testcase>
  <testcase name="Example #1.2" classname="Examples" time="0.0">
    <skipped message="&apos;cucumber.filter.tags=not ( @ignore )&apos; did not match this scenario"/>
  </testcase>
  <testcase name="Example #1.2" classname="Examples" time="0.0">
    <skipped message="&apos;cucumber.filter.tags=not ( @ignore )&apos; did not match this scenario"/>
  </testcase>
  <testcase name="Example #1.2" classname="Examples" time="0.0">
    <skipped message="&apos;cucumber.filter.tags=not ( @ignore )&apos; did not match this scenario"/>
  </testcase>
  <testcase name="Example #1.2" classname="Examples" time="0.0">
    <skipped message="&apos;cucumber.filter.tags=not ( @ignore )&apos; did not match this scenario"/>
  </testcase>
  <testcase name="Example #1.3" classname="Examples" time="0.0">
    <skipped message="&apos;cucumber.filter.tags=not ( @ignore )&apos; did not match this scenario"/>
  </testcase>
  <testcase name="Example #1.3" classname="Examples" time="0.0">
    <skipped message="&apos;cucumber.filter.tags=not ( @ignore )&apos; did not match this scenario"/>
  </testcase>
  <testcase name="Example #1.3" classname="Examples" time="0.0">
    <skipped message="&apos;cucumber.filter.tags=not ( @ignore )&apos; did not match this scenario"/>
  </testcase>
  <testcase name="Example #1.3" classname="Examples" time="0.0">
    <skipped message="&apos;cucumber.filter.tags=not ( @ignore )&apos; did not match this scenario"/>
  </testcase>
  <testcase name="Example #1.3" classname="Examples" time="0.0">
    <skipped message="&apos;cucumber.filter.tags=not ( @ignore )&apos; did not match this scenario"/>
  </testcase>
  <testcase name="Example #1.3" classname="Examples" time="0.0">
    <skipped message="&apos;cucumber.filter.tags=not ( @ignore )&apos; did not match this scenario"/>
  </testcase>
  <testcase name="Example #1.3" classname="Examples" time="0.0">
    <skipped message="&apos;cucumber.filter.tags=not ( @ignore )&apos; did not match this scenario"/>
  </testcase>
  <testcase name="Example #1.3" classname="Examples" time="0.0">
    <skipped message="&apos;cucumber.filter.tags=not ( @ignore )&apos; did not match this scenario"/>
  </testcase>
  <testcase name="Example #1.3" classname="Examples" time="0.0">
    <skipped message="&apos;cucumber.filter.tags=not ( @ignore )&apos; did not match this scenario"/>
  </testcase>
  <testcase name="Example #1.3" classname="Examples" time="0.0">
    <skipped message="&apos;cucumber.filter.tags=not ( @ignore )&apos; did not match this scenario"/>
  </testcase>
  <testcase name="Example #1.3" classname="Examples" time="0.0">
    <skipped message="&apos;cucumber.filter.tags=not ( @ignore )&apos; did not match this scenario"/>
  </testcase>
  <testcase name="Example #1.3" classname="Examples" time="0.0">
    <skipped message="&apos;cucumber.filter.tags=not ( @ignore )&apos; did not match this scenario"/>
  </testcase>
  <testcase name="Example #1.3" classname="Examples" time="0.0">
    <skipped message="&apos;cucumber.filter.tags=not ( @ignore )&apos; did not match this scenario"/>
  </testcase>
  <testcase name="Example #1.3" classname="Examples" time="0.0">
    <skipped message="&apos;cucumber.filter.tags=not ( @ignore )&apos; did not match this scenario"/>
  </testcase>
  <testcase name="Example #1.3" classname="Examples" time="0.0">
    <skipped message="&apos;cucumber.filter.tags=not ( @ignore )&apos; did not match this scenario"/>
  </testcase>
  <testcase name="Example #1.3" classname="Examples" time="0.0">
    <skipped message="&apos;cucumber.filter.tags=not ( @ignore )&apos; did not match this scenario"/>
  </testcase>
  <testcase name="Example #1.3" classname="Examples" time="0.0">
    <skipped message="&apos;cucumber.filter.tags=not ( @ignore )&apos; did not match this scenario"/>
  </testcase>
  <testcase name="Example #1.3" classname="Examples" time="0.0">
    <skipped message="&apos;cucumber.filter.tags=not ( @ignore )&apos; did not match this scenario"/>
  </testcase>
  <testcase name="Example #1.3" classname="Examples" time="0.0">
    <skipped message="&apos;cucumber.filter.tags=not ( @ignore )&apos; did not match this scenario"/>
  </testcase>
  <testcase name="Example #1.4" classname="Examples" time="0.0">
    <skipped message="&apos;cucumber.filter.tags=not ( @ignore )&apos; did not match this scenario"/>
  </testcase>
  <testcase name="Example #1.4" classname="Examples" time="0.0">
    <skipped message="&apos;cucumber.filter.tags=not ( @ignore )&apos; did not match this scenario"/>
  </testcase>
  <testcase name="Example #1.4" classname="Examples" time="0.0">
    <skipped message="&apos;cucumber.filter.tags=not ( @ignore )&apos; did not match this scenario"/>
  </testcase>
  <testcase name="Example #1.4" classname="Examples" time="0.0">
    <skipped message="&apos;cucumber.filter.tags=not ( @ignore )&apos; did not match this scenario"/>
  </testcase>
  <testcase name="Example #1.4" classname="Examples" time="0.0">
    <skipped message="&apos;cucumber.filter.tags=not ( @ignore )&apos; did not match this scenario"/>
  </testcase>
  <testcase name="Example #1.4" classname="Examples" time="0.0">
    <skipped message="&apos;cucumber.filter.tags=not ( @ignore )&apos; did not match this scenario"/>
  </testcase>
  <testcase name="Example #1.5" classname="Examples" time="0.0">
    <skipped message="&apos;cucumber.filter.tags=not ( @ignore )&apos; did not match this scenario"/>
  </testcase>
  <testcase name="Example #1.5" classname="Examples" time="0.0">
    <skipped message="&apos;cucumber.filter.tags=not ( @ignore )&apos; did not match this scenario"/>
  </testcase>
  <testcase name="Example #1.5" classname="Examples" time="0.0">
    <skipped message="&apos;cucumber.filter.tags=not ( @ignore )&apos; did not match this scenario"/>
  </testcase>
  <testcase name="Example #1.5" classname="Examples" time="0.0">
    <skipped message="&apos;cucumber.filter.tags=not ( @ignore )&apos; did not match this scenario"/>
  </testcase>
  <testcase name="Example #1.6" classname="Examples" time="0.0">
    <skipped message="&apos;cucumber.filter.tags=not ( @ignore )&apos; did not match this scenario"/>
  </testcase>
  <testcase name="庫存數量為負數時拒絕" classname="後置（狀態）- 庫存修改後即時生效" time="0.0">
    <skipped message="&apos;cucumber.filter.tags=not ( @ignore )&apos; did not match this scenario"/>
  </testcase>
  <testcase name="庫存數量輸入非數字時拒絕" classname="後置（狀態）- 庫存修改後即時生效" time="0.0">
    <skipped message="&apos;cucumber.filter.tags=not ( @ignore )&apos; did not match this scenario"/>
  </testcase>
  <testcase name="庫存低於門檻時觸發 Email 警示" classname="約束 - 系統保存警示紀錄避免重複通知" time="0.0">
    <skipped message="&apos;cucumber.filter.tags=not ( @ignore )&apos; did not match this scenario"/>
  </testcase>
  <testcase name="庫存恰好等於門檻不觸發警示" classname="約束 - 系統保存警示紀錄避免重複通知" time="0.0">
    <skipped message="&apos;cucumber.filter.tags=not ( @ignore )&apos; did not match this scenario"/>
  </testcase>
  <testcase name="同一商品重複低於門檻不重複通知" classname="約束 - 系統保存警示紀錄避免重複通知" time="0.0">
    <skipped message="&apos;cucumber.filter.tags=not ( @ignore )&apos; did not match this scenario"/>
  </testcase>
  <testcase name="庫存回補後清除警示紀錄" classname="約束 - 系統保存警示紀錄避免重複通知" time="0.0">
    <skipped message="&apos;cucumber.filter.tags=not ( @ignore )&apos; did not match this scenario"/>
  </testcase>
  <testcase name="庫存回補後再次低於門檻時重新觸發" classname="約束 - 系統保存警示紀錄避免重複通知" time="0.0">
    <skipped message="&apos;cucumber.filter.tags=not ( @ignore )&apos; did not match this scenario"/>
  </testcase>
  <testcase name="成功作廢發票" classname="約束 - 綠界同步失敗提供手動重新同步按鈕" time="0.0">
    <skipped message="&apos;cucumber.filter.tags=not ( @ignore )&apos; did not match this scenario"/>
  </testcase>
  <testcase name="跨月份作廢時拒絕" classname="約束 - 綠界同步失敗提供手動重新同步按鈕" time="0.0">
    <skipped message="&apos;cucumber.filter.tags=not ( @ignore )&apos; did not match this scenario"/>
  </testcase>
  <testcase name="未填寫作廢原因時拒絕" classname="約束 - 綠界同步失敗提供手動重新同步按鈕" time="0.0">
    <skipped message="&apos;cucumber.filter.tags=not ( @ignore )&apos; did not match this scenario"/>
  </testcase>
  <testcase name="綠界同步失敗時提供重試按鈕" classname="約束 - 綠界同步失敗提供手動重新同步按鈕" time="0.0">
    <skipped message="&apos;cucumber.filter.tags=not ( @ignore )&apos; did not match this scenario"/>
  </testcase>
  <testcase name="手動重新同步成功" classname="約束 - 綠界同步失敗提供手動重新同步按鈕" time="0.0">
    <skipped message="&apos;cucumber.filter.tags=not ( @ignore )&apos; did not match this scenario"/>
  </testcase>
  <testcase name="折讓金額超過原始金額時拒絕" classname="退貨場景 - 訂單標註為「已退貨」時，可執行全額折讓（折讓至 0 元），後續退款由人工處理" time="0.0">
    <skipped message="&apos;cucumber.filter.tags=not ( @ignore )&apos; did not match this scenario"/>
  </testcase>
  <testcase name="退貨場景全額折讓" classname="退貨場景 - 訂單標註為「已退貨」時，可執行全額折讓（折讓至 0 元），後續退款由人工處理" time="0.0">
    <skipped message="&apos;cucumber.filter.tags=not ( @ignore )&apos; did not match this scenario"/>
  </testcase>
  <testcase name="折讓確認框取消時不執行" classname="退貨場景 - 訂單標註為「已退貨」時，可執行全額折讓（折讓至 0 元），後續退款由人工處理" time="0.0">
    <skipped message="&apos;cucumber.filter.tags=not ( @ignore )&apos; did not match this scenario"/>
  </testcase>
  <testcase name="查詢所有發票（無篩選）" classname="後置（回應）- 分頁預設每頁 20 筆，最大 100 筆" time="0.0">
    <skipped message="&apos;cucumber.filter.tags=not ( @ignore )&apos; did not match this scenario"/>
  </testcase>
  <testcase name="依發票號碼篩選" classname="後置（回應）- 分頁預設每頁 20 筆，最大 100 筆" time="0.0">
    <skipped message="&apos;cucumber.filter.tags=not ( @ignore )&apos; did not match this scenario"/>
  </testcase>
  <testcase name="依開立日期區間篩選" classname="後置（回應）- 分頁預設每頁 20 筆，最大 100 筆" time="0.0">
    <skipped message="&apos;cucumber.filter.tags=not ( @ignore )&apos; did not match this scenario"/>
  </testcase>
  <testcase name="依所屬網站篩選" classname="後置（回應）- 分頁預設每頁 20 筆，最大 100 筆" time="0.0">
    <skipped message="&apos;cucumber.filter.tags=not ( @ignore )&apos; did not match this scenario"/>
  </testcase>
  <testcase name="查無結果時顯示空狀態" classname="後置（回應）- 分頁預設每頁 20 筆，最大 100 筆" time="0.0">
    <skipped message="&apos;cucumber.filter.tags=not ( @ignore )&apos; did not match this scenario"/>
  </testcase>
  <testcase name="成功編輯通知模板" classname="後置（回應）- 可用變數含中文說明（REQ-032）" time="0.0">
    <skipped message="&apos;cucumber.filter.tags=not ( @ignore )&apos; did not match this scenario"/>
  </testcase>
  <testcase name="模板標題為空時拒絕儲存" classname="後置（回應）- 可用變數含中文說明（REQ-032）" time="0.0">
    <skipped message="&apos;cucumber.filter.tags=not ( @ignore )&apos; did not match this scenario"/>
  </testcase>
  <testcase name="非管理員嘗試存取模板管理頁" classname="後置（回應）- 可用變數含中文說明（REQ-032）" time="0.0">
    <skipped message="&apos;cucumber.filter.tags=not ( @ignore )&apos; did not match this scenario"/>
  </testcase>
  <testcase name="模板清單包含可用變數說明" classname="後置（回應）- 可用變數含中文說明（REQ-032）" time="0.0">
    <skipped message="&apos;cucumber.filter.tags=not ( @ignore )&apos; did not match this scenario"/>
  </testcase>
  <testcase name="預覽模板時新變數正確替換" classname="後置（回應）- 可用變數含中文說明（REQ-032）" time="0.0">
    <skipped message="&apos;cucumber.filter.tags=not ( @ignore )&apos; did not match this scenario"/>
  </testcase>
  <testcase name="成功匯出訂單 CSV" classname="約束 - 匯出權限與查詢權限相同" time="0.0">
    <skipped message="&apos;cucumber.filter.tags=not ( @ignore )&apos; did not match this scenario"/>
  </testcase>
  <testcase name="篩選後匯出僅含篩選結果" classname="約束 - 匯出權限與查詢權限相同" time="0.0">
    <skipped message="&apos;cucumber.filter.tags=not ( @ignore )&apos; did not match this scenario"/>
  </testcase>
  <testcase name="查詢結果為空時匯出空CSV" classname="約束 - 匯出權限與查詢權限相同" time="0.0">
    <skipped message="&apos;cucumber.filter.tags=not ( @ignore )&apos; did not match this scenario"/>
  </testcase>
  <testcase name="自取模式下免地址驗證" classname="約束 - 顧客為匿名使用者（不需登入）" time="0.0">
    <skipped message="&apos;cucumber.filter.tags=not ( @ignore )&apos; did not match this scenario"/>
  </testcase>
  <testcase name="姓名為空時驗證失敗" classname="約束 - 顧客為匿名使用者（不需登入）" time="0.0">
    <skipped message="&apos;cucumber.filter.tags=not ( @ignore )&apos; did not match this scenario"/>
  </testcase>
  <testcase name="Email 格式錯誤時驗證失敗" classname="約束 - 顧客為匿名使用者（不需登入）" time="0.0">
    <skipped message="&apos;cucumber.filter.tags=not ( @ignore )&apos; did not match this scenario"/>
  </testcase>
  <testcase name="電話為空時驗證失敗" classname="約束 - 顧客為匿名使用者（不需登入）" time="0.0">
    <skipped message="&apos;cucumber.filter.tags=not ( @ignore )&apos; did not match this scenario"/>
  </testcase>
  <testcase name="庫存不足時拒絕整筆訂單" classname="後置（連鎖）- 低庫存門檻觸發時發送 Email 警示給管理員" time="0.0">
    <skipped message="&apos;cucumber.filter.tags=not ( @ignore )&apos; did not match this scenario"/>
  </testcase>
  <testcase name="庫存剛好等於訂購量" classname="後置（連鎖）- 低庫存門檻觸發時發送 Email 警示給管理員" time="0.0">
    <skipped message="&apos;cucumber.filter.tags=not ( @ignore )&apos; did not match this scenario"/>
  </testcase>
  <testcase name="扣減庫存後觸發低庫存門檻警示" classname="後置（連鎖）- 低庫存門檻觸發時發送 Email 警示給管理員" time="0.0">
    <skipped message="&apos;cucumber.filter.tags=not ( @ignore )&apos; did not match this scenario"/>
  </testcase>
  <testcase name="樂觀鎖衝突時重試扣減" classname="後置（連鎖）- 低庫存門檻觸發時發送 Email 警示給管理員" time="0.0">
    <skipped message="&apos;cucumber.filter.tags=not ( @ignore )&apos; did not match this scenario"/>
  </testcase>
  <testcase name="多商品訂單部分庫存不足時整筆拒絕" classname="後置（連鎖）- 低庫存門檻觸發時發送 Email 警示給管理員" time="0.0">
    <skipped message="&apos;cucumber.filter.tags=not ( @ignore )&apos; did not match this scenario"/>
  </testcase>
  <testcase name="查詢所有訂單（無篩選）" classname="約束 - 訂單狀態流轉：待付款 → 付款處理中 → 已付款 → 已出貨 / 已退貨 / 付款失敗" time="0.0">
    <skipped message="&apos;cucumber.filter.tags=not ( @ignore )&apos; did not match this scenario"/>
  </testcase>
  <testcase name="依所屬網站篩選" classname="約束 - 訂單狀態流轉：待付款 → 付款處理中 → 已付款 → 已出貨 / 已退貨 / 付款失敗" time="0.0">
    <skipped message="&apos;cucumber.filter.tags=not ( @ignore )&apos; did not match this scenario"/>
  </testcase>
  <testcase name="依訂單編號篩選" classname="約束 - 訂單狀態流轉：待付款 → 付款處理中 → 已付款 → 已出貨 / 已退貨 / 付款失敗" time="0.0">
    <skipped message="&apos;cucumber.filter.tags=not ( @ignore )&apos; did not match this scenario"/>
  </testcase>
  <testcase name="依日期區間篩選" classname="約束 - 訂單狀態流轉：待付款 → 付款處理中 → 已付款 → 已出貨 / 已退貨 / 付款失敗" time="0.0">
    <skipped message="&apos;cucumber.filter.tags=not ( @ignore )&apos; did not match this scenario"/>
  </testcase>
  <testcase name="多條件組合篩選" classname="約束 - 訂單狀態流轉：待付款 → 付款處理中 → 已付款 → 已出貨 / 已退貨 / 付款失敗" time="0.0">
    <skipped message="&apos;cucumber.filter.tags=not ( @ignore )&apos; did not match this scenario"/>
  </testcase>
  <testcase name="查無結果時顯示空狀態" classname="約束 - 訂單狀態流轉：待付款 → 付款處理中 → 已付款 → 已出貨 / 已退貨 / 付款失敗" time="0.0">
    <skipped message="&apos;cucumber.filter.tags=not ( @ignore )&apos; did not match this scenario"/>
  </testcase>
  <testcase name="成功標註出貨" classname="約束 - 出貨為管理員手動標註，非物流系統回調" time="0.0">
    <skipped message="&apos;cucumber.filter.tags=not ( @ignore )&apos; did not match this scenario"/>
  </testcase>
  <testcase name="成功標註退貨（含二次確認）" classname="約束 - 退貨標註需二次確認（彈出確認框）" time="0.0">
    <skipped message="&apos;cucumber.filter.tags=not ( @ignore )&apos; did not match this scenario"/>
  </testcase>
  <testcase name="退貨確認框取消時不執行" classname="約束 - 退貨標註需二次確認（彈出確認框）" time="0.0">
    <skipped message="&apos;cucumber.filter.tags=not ( @ignore )&apos; did not match this scenario"/>
  </testcase>
  <testcase name="退貨後對發票執行全額折讓" classname="約束 - 退貨標註需二次確認（彈出確認框）" time="0.0">
    <skipped message="&apos;cucumber.filter.tags=not ( @ignore )&apos; did not match this scenario"/>
  </testcase>
  <testcase name="自取運費固定 NT$0" classname="約束 - 地址輸入後呼叫 API 即時計算運費" time="0.0">
    <skipped message="&apos;cucumber.filter.tags=not ( @ignore )&apos; did not match this scenario"/>
  </testcase>
  <testcase name="地址變更觸發重新計算" classname="約束 - 地址輸入後呼叫 API 即時計算運費" time="0.0">
    <skipped message="&apos;cucumber.filter.tags=not ( @ignore )&apos; did not match this scenario"/>
  </testcase>
  <testcase name="修改地址回本島後恢復按鈕" classname="後置（狀態）- 阻擋提交，禁用送出按鈕" time="0.0">
    <skipped message="&apos;cucumber.filter.tags=not ( @ignore )&apos; did not match this scenario"/>
  </testcase>
  <testcase name="付款成功回調處理" classname="約束 - 不顯示付款手續費" time="0.0">
    <skipped message="&apos;cucumber.filter.tags=not ( @ignore )&apos; did not match this scenario"/>
  </testcase>
  <testcase name="付款失敗回調處理" classname="約束 - 不顯示付款手續費" time="0.0">
    <skipped message="&apos;cucumber.filter.tags=not ( @ignore )&apos; did not match this scenario"/>
  </testcase>
  <testcase name="CheckMacValue 驗證失敗時拒絕處理" classname="約束 - 不顯示付款手續費" time="0.0">
    <skipped message="&apos;cucumber.filter.tags=not ( @ignore )&apos; did not match this scenario"/>
  </testcase>
  <testcase name="重複回調時不重複開立發票" classname="約束 - 不顯示付款手續費" time="0.0">
    <skipped message="&apos;cucumber.filter.tags=not ( @ignore )&apos; did not match this scenario"/>
  </testcase>
  <testcase name="發票開立失敗時記錄同步中狀態" classname="約束 - 不顯示付款手續費" time="0.0">
    <skipped message="&apos;cucumber.filter.tags=not ( @ignore )&apos; did not match this scenario"/>
  </testcase>
  <testcase name="非待付款訂單嘗試付款時拒絕" classname="發票類型 - 支援二聯式（個人）與三聯式（公司）" time="0.0">
    <skipped message="&apos;cucumber.filter.tags=not ( @ignore )&apos; did not match this scenario"/>
  </testcase>
  <testcase name="商品名稱為空時拒絕上架" classname="組合包 - 組合包在上架商品時一起設定（勾選包含商品 + 百分比折扣）" time="0.0">
    <skipped message="&apos;cucumber.filter.tags=not ( @ignore )&apos; did not match this scenario"/>
  </testcase>
  <testcase name="商品圖片超過 5 張時拒絕" classname="組合包 - 組合包在上架商品時一起設定（勾選包含商品 + 百分比折扣）" time="0.0">
    <skipped message="&apos;cucumber.filter.tags=not ( @ignore )&apos; did not match this scenario"/>
  </testcase>
  <testcase name="單張圖片超過 2MB 時拒絕" classname="組合包 - 組合包在上架商品時一起設定（勾選包含商品 + 百分比折扣）" time="0.0">
    <skipped message="&apos;cucumber.filter.tags=not ( @ignore )&apos; did not match this scenario"/>
  </testcase>
  <testcase name="圖片格式不符時拒絕" classname="組合包 - 組合包在上架商品時一起設定（勾選包含商品 + 百分比折扣）" time="0.0">
    <skipped message="&apos;cucumber.filter.tags=not ( @ignore )&apos; did not match this scenario"/>
  </testcase>
  <testcase name="庫存數量為負數時拒絕" classname="組合包 - 組合包在上架商品時一起設定（勾選包含商品 + 百分比折扣）" time="0.0">
    <skipped message="&apos;cucumber.filter.tags=not ( @ignore )&apos; did not match this scenario"/>
  </testcase>
  <testcase name="庫存數量為 0 時允許上架" classname="組合包 - 組合包在上架商品時一起設定（勾選包含商品 + 百分比折扣）" time="0.0">
    <skipped message="&apos;cucumber.filter.tags=not ( @ignore )&apos; did not match this scenario"/>
  </testcase>
  <testcase name="預購期間未填寫時拒絕上架" classname="約束 - 預購商品不可與一般商品混合下單" time="0.0">
    <skipped message="&apos;cucumber.filter.tags=not ( @ignore )&apos; did not match this scenario"/>
  </testcase>
  <testcase name="預購開始日晚於結束日時拒絕" classname="約束 - 預購商品不可與一般商品混合下單" time="0.0">
    <skipped message="&apos;cucumber.filter.tags=not ( @ignore )&apos; did not match this scenario"/>
  </testcase>
  <testcase name="管理員手動調整出貨期限" classname="約束 - 預購商品不可與一般商品混合下單" time="0.0">
    <skipped message="&apos;cucumber.filter.tags=not ( @ignore )&apos; did not match this scenario"/>
  </testcase>
  <testcase name="每日排程掃描預購到期並發送通知" classname="約束 - 預購商品不可與一般商品混合下單" time="0.0">
    <skipped message="&apos;cucumber.filter.tags=not ( @ignore )&apos; did not match this scenario"/>
  </testcase>
  <testcase name="預購商品與一般商品混合下單時拒絕" classname="約束 - 預購商品不可與一般商品混合下單" time="0.0">
    <skipped message="&apos;cucumber.filter.tags=not ( @ignore )&apos; did not match this scenario"/>
  </testcase>
  <testcase name="成功下架已上架商品" classname="約束 - 商品不可刪除，確保歷史訂單引用完整" time="0.0">
    <skipped message="&apos;cucumber.filter.tags=not ( @ignore )&apos; did not match this scenario"/>
  </testcase>
  <testcase name="下架商品自動從所有網站移除" classname="約束 - 商品不可刪除，確保歷史訂單引用完整" time="0.0">
    <skipped message="&apos;cucumber.filter.tags=not ( @ignore )&apos; did not match this scenario"/>
  </testcase>
  <testcase name="嘗試下架已下架商品時拒絕" classname="約束 - 商品不可刪除，確保歷史訂單引用完整" time="0.0">
    <skipped message="&apos;cucumber.filter.tags=not ( @ignore )&apos; did not match this scenario"/>
  </testcase>
  <testcase name="下架商品不影響歷史訂單" classname="約束 - 商品不可刪除，確保歷史訂單引用完整" time="0.0">
    <skipped message="&apos;cucumber.filter.tags=not ( @ignore )&apos; did not match this scenario"/>
  </testcase>
  <testcase name="主分類名稱為空時拒絕建立" classname="約束 - 修改僅限名稱變更，不可調整父子關係" time="0.0">
    <skipped message="&apos;cucumber.filter.tags=not ( @ignore )&apos; did not match this scenario"/>
  </testcase>
  <testcase name="子分類未指定父分類時拒絕建立" classname="約束 - 修改僅限名稱變更，不可調整父子關係" time="0.0">
    <skipped message="&apos;cucumber.filter.tags=not ( @ignore )&apos; did not match this scenario"/>
  </testcase>
  <testcase name="成功修改分類名稱" classname="約束 - 修改僅限名稱變更，不可調整父子關係" time="0.0">
    <skipped message="&apos;cucumber.filter.tags=not ( @ignore )&apos; did not match this scenario"/>
  </testcase>
  <testcase name="嘗試刪除分類時系統拒絕" classname="約束 - 修改僅限名稱變更，不可調整父子關係" time="0.0">
    <skipped message="&apos;cucumber.filter.tags=not ( @ignore )&apos; did not match this scenario"/>
  </testcase>
  <testcase name="成功編輯已下架商品資訊" classname="約束 - 庫存數量透過庫存管理頁編輯，商品編輯頁不可修改庫存" time="0.0">
    <skipped message="&apos;cucumber.filter.tags=not ( @ignore )&apos; did not match this scenario"/>
  </testcase>
  <testcase name="編輯時商品名稱清空被拒絕" classname="約束 - 庫存數量透過庫存管理頁編輯，商品編輯頁不可修改庫存" time="0.0">
    <skipped message="&apos;cucumber.filter.tags=not ( @ignore )&apos; did not match this scenario"/>
  </testcase>
  <testcase name="編輯時商品價格改為 0 被拒絕" classname="約束 - 庫存數量透過庫存管理頁編輯，商品編輯頁不可修改庫存" time="0.0">
    <skipped message="&apos;cucumber.filter.tags=not ( @ignore )&apos; did not match this scenario"/>
  </testcase>
  <testcase name="切換商品分類成功" classname="約束 - 庫存數量透過庫存管理頁編輯，商品編輯頁不可修改庫存" time="0.0">
    <skipped message="&apos;cucumber.filter.tags=not ( @ignore )&apos; did not match this scenario"/>
  </testcase>
  <testcase name="商品編輯頁不可修改庫存" classname="約束 - 庫存數量透過庫存管理頁編輯，商品編輯頁不可修改庫存" time="0.0">
    <skipped message="&apos;cucumber.filter.tags=not ( @ignore )&apos; did not match this scenario"/>
  </testcase>
  <testcase name="組合包未勾選商品時拒絕" classname="後置（狀態）- 組合包前台共用商品詳情頁，額外顯示包含商品列表與折扣後價格" time="0.0">
    <skipped message="&apos;cucumber.filter.tags=not ( @ignore )&apos; did not match this scenario"/>
  </testcase>
  <testcase name="組合包未設定折扣時拒絕" classname="後置（狀態）- 組合包前台共用商品詳情頁，額外顯示包含商品列表與折扣後價格" time="0.0">
    <skipped message="&apos;cucumber.filter.tags=not ( @ignore )&apos; did not match this scenario"/>
  </testcase>
  <testcase name="組合包加入購物車時自動計算折扣" classname="後置（狀態）- 組合包前台共用商品詳情頁，額外顯示包含商品列表與折扣後價格" time="0.0">
    <skipped message="&apos;cucumber.filter.tags=not ( @ignore )&apos; did not match this scenario"/>
  </testcase>
  <testcase name="成功加入一般商品至購物車" classname="約束 - 庫存不足時顯示通用錯誤訊息" time="0.0">
    <skipped message="&apos;cucumber.filter.tags=not ( @ignore )&apos; did not match this scenario"/>
  </testcase>
  <testcase name="組合包加入購物車時自動計算折扣" classname="約束 - 庫存不足時顯示通用錯誤訊息" time="0.0">
    <skipped message="&apos;cucumber.filter.tags=not ( @ignore )&apos; did not match this scenario"/>
  </testcase>
  <testcase name="預購商品不可與一般商品混合加入" classname="約束 - 庫存不足時顯示通用錯誤訊息" time="0.0">
    <skipped message="&apos;cucumber.filter.tags=not ( @ignore )&apos; did not match this scenario"/>
  </testcase>
  <testcase name="一般商品不可加入已有預購商品的購物車" classname="約束 - 庫存不足時顯示通用錯誤訊息" time="0.0">
    <skipped message="&apos;cucumber.filter.tags=not ( @ignore )&apos; did not match this scenario"/>
  </testcase>
  <testcase name="不同網站商品不可混合加入購物車" classname="約束 - 庫存不足時顯示通用錯誤訊息" time="0.0">
    <skipped message="&apos;cucumber.filter.tags=not ( @ignore )&apos; did not match this scenario"/>
  </testcase>
  <testcase name="庫存不足時顯示錯誤" classname="約束 - 庫存不足時顯示通用錯誤訊息" time="0.0">
    <skipped message="&apos;cucumber.filter.tags=not ( @ignore )&apos; did not match this scenario"/>
  </testcase>
  <testcase name="瀏覽一般商品詳情頁" classname="約束 - FCP &lt; 3 秒" time="0.0">
    <skipped message="&apos;cucumber.filter.tags=not ( @ignore )&apos; did not match this scenario"/>
  </testcase>
  <testcase name="瀏覽預購商品詳情頁" classname="約束 - FCP &lt; 3 秒" time="0.0">
    <skipped message="&apos;cucumber.filter.tags=not ( @ignore )&apos; did not match this scenario"/>
  </testcase>
  <testcase name="瀏覽組合包商品詳情頁" classname="約束 - FCP &lt; 3 秒" time="0.0">
    <skipped message="&apos;cucumber.filter.tags=not ( @ignore )&apos; did not match this scenario"/>
  </testcase>
  <testcase name="存取不存在的商品時顯示 404" classname="約束 - FCP &lt; 3 秒" time="0.0">
    <skipped message="&apos;cucumber.filter.tags=not ( @ignore )&apos; did not match this scenario"/>
  </testcase>
  <testcase name="倒數計時器使用伺服器時間同步" classname="約束 - FCP &lt; 3 秒" time="0.0">
    <skipped message="&apos;cucumber.filter.tags=not ( @ignore )&apos; did not match this scenario"/>
  </testcase>
  <testcase name="成功瀏覽商品集合頁" classname="約束 - FCP &lt; 3 秒" time="0.0">
    <skipped message="&apos;cucumber.filter.tags=not ( @ignore )&apos; did not match this scenario"/>
  </testcase>
  <testcase name="存取已下線網站時顯示不可用" classname="約束 - FCP &lt; 3 秒" time="0.0">
    <skipped message="&apos;cucumber.filter.tags=not ( @ignore )&apos; did not match this scenario"/>
  </testcase>
  <testcase name="僅顯示已到達上架時間的商品" classname="約束 - FCP &lt; 3 秒" time="0.0">
    <skipped message="&apos;cucumber.filter.tags=not ( @ignore )&apos; did not match this scenario"/>
  </testcase>
  <testcase name="網站無商品時顯示空集合頁" classname="約束 - FCP &lt; 3 秒" time="0.0">
    <skipped message="&apos;cucumber.filter.tags=not ( @ignore )&apos; did not match this scenario"/>
  </testcase>
  <testcase name="增加商品數量" classname="約束 - 純前端 Local Storage 實作" time="0.0">
    <skipped message="&apos;cucumber.filter.tags=not ( @ignore )&apos; did not match this scenario"/>
  </testcase>
  <testcase name="減少商品數量" classname="約束 - 純前端 Local Storage 實作" time="0.0">
    <skipped message="&apos;cucumber.filter.tags=not ( @ignore )&apos; did not match this scenario"/>
  </testcase>
  <testcase name="數量設為 0 等同刪除" classname="約束 - 純前端 Local Storage 實作" time="0.0">
    <skipped message="&apos;cucumber.filter.tags=not ( @ignore )&apos; did not match this scenario"/>
  </testcase>
  <testcase name="刪除購物車中的商品" classname="約束 - 純前端 Local Storage 實作" time="0.0">
    <skipped message="&apos;cucumber.filter.tags=not ( @ignore )&apos; did not match this scenario"/>
  </testcase>
  <testcase name="購物車顯示運費預估" classname="約束 - 純前端 Local Storage 實作" time="0.0">
    <skipped message="&apos;cucumber.filter.tags=not ( @ignore )&apos; did not match this scenario"/>
  </testcase>
  <testcase name="購物車清空後顯示空狀態" classname="約束 - 純前端 Local Storage 實作" time="0.0">
    <skipped message="&apos;cucumber.filter.tags=not ( @ignore )&apos; did not match this scenario"/>
  </testcase>
  <testcase name="草稿網站啟用為已上線" classname="約束 - 上下架時間同時控制前台可見性" time="0.0">
    <skipped message="&apos;cucumber.filter.tags=not ( @ignore )&apos; did not match this scenario"/>
  </testcase>
  <testcase name="已上線網站停用為已下線" classname="約束 - 上下架時間同時控制前台可見性" time="0.0">
    <skipped message="&apos;cucumber.filter.tags=not ( @ignore )&apos; did not match this scenario"/>
  </testcase>
  <testcase name="已下線網站重新上線" classname="約束 - 上下架時間同時控制前台可見性" time="0.0">
    <skipped message="&apos;cucumber.filter.tags=not ( @ignore )&apos; did not match this scenario"/>
  </testcase>
  <testcase name="非已下線網站無法重新上線" classname="約束 - 上下架時間同時控制前台可見性" time="0.0">
    <skipped message="&apos;cucumber.filter.tags=not ( @ignore )&apos; did not match this scenario"/>
  </testcase>
  <testcase name="上下架時間控制前台可見性" classname="約束 - 上下架時間同時控制前台可見性" time="0.0">
    <skipped message="&apos;cucumber.filter.tags=not ( @ignore )&apos; did not match this scenario"/>
  </testcase>
  <testcase name="網站名稱為空時拒絕建立" classname="後置（狀態）- 自動產生唯一前台連結，URL 格式為 /project/{網站ID}" time="0.0">
    <skipped message="&apos;cucumber.filter.tags=not ( @ignore )&apos; did not match this scenario"/>
  </testcase>
  <testcase name="建立網站時上傳 Banner 與宣傳文案圖片" classname="後置（狀態）- 自動產生唯一前台連結，URL 格式為 /project/{網站ID}" time="0.0">
    <skipped message="&apos;cucumber.filter.tags=not ( @ignore )&apos; did not match this scenario"/>
  </testcase>
  <testcase name="設定網站上下架時間" classname="後置（狀態）- 自動產生唯一前台連結，URL 格式為 /project/{網站ID}" time="0.0">
    <skipped message="&apos;cucumber.filter.tags=not ( @ignore )&apos; did not match this scenario"/>
  </testcase>
  <testcase name="滿額免運門檻使用預設值" classname="後置（狀態）- 自動產生唯一前台連結，URL 格式為 /project/{網站ID}" time="0.0">
    <skipped message="&apos;cucumber.filter.tags=not ( @ignore )&apos; did not match this scenario"/>
  </testcase>
  <testcase name="編輯網站名稱清空時拒絕" classname="後置（狀態）- 編輯成功後資訊即時更新" time="0.0">
    <skipped message="&apos;cucumber.filter.tags=not ( @ignore )&apos; did not match this scenario"/>
  </testcase>
  <testcase name="編輯已上線網站的 Banner 圖片" classname="後置（狀態）- 編輯成功後資訊即時更新" time="0.0">
    <skipped message="&apos;cucumber.filter.tags=not ( @ignore )&apos; did not match this scenario"/>
  </testcase>
  <testcase name="設定網站標題與副標題" classname="後置（狀態）- 編輯成功後資訊即時更新" time="0.0">
    <skipped message="&apos;cucumber.filter.tags=not ( @ignore )&apos; did not match this scenario"/>
  </testcase>
  <testcase name="設定 Footer 標題與副標題" classname="後置（狀態）- 編輯成功後資訊即時更新" time="0.0">
    <skipped message="&apos;cucumber.filter.tags=not ( @ignore )&apos; did not match this scenario"/>
  </testcase>
  <testcase name="網站標題為必填" classname="後置（狀態）- 編輯成功後資訊即時更新" time="0.0">
    <skipped message="&apos;cucumber.filter.tags=not ( @ignore )&apos; did not match this scenario"/>
  </testcase>
  <testcase name="同一商品上架至多個網站" classname="約束 - 可在網站管理頁批次勾選商品並設定各商品上架時間" time="0.0">
    <skipped message="&apos;cucumber.filter.tags=not ( @ignore )&apos; did not match this scenario"/>
  </testcase>
  <testcase name="批次勾選商品上架至網站" classname="約束 - 可在網站管理頁批次勾選商品並設定各商品上架時間" time="0.0">
    <skipped message="&apos;cucumber.filter.tags=not ( @ignore )&apos; did not match this scenario"/>
  </testcase>
  <testcase name="選擇已下架商品時不顯示於可選清單" classname="約束 - 可在網站管理頁批次勾選商品並設定各商品上架時間" time="0.0">
    <skipped message="&apos;cucumber.filter.tags=not ( @ignore )&apos; did not match this scenario"/>
  </testcase>
</testsuite>