<?xml version="1.0" encoding="UTF-8"?>
<testsuite xmlns:xsi="http://www.w3.org/2001/XMLSchema-instance" xsi:noNamespaceSchemaLocation="https://maven.apache.org/surefire/maven-surefire-plugin/xsd/surefire-test-report-3.0.xsd" version="3.0" name="com.gomoku.RunCucumberTest" time="17.247" tests="64" errors="0" skipped="0" failures="0">
  <properties>
[...]
</properties>
  <testcase name="連續 6 秒未收到心跳時判定玩家斷線" classname="後置（狀態）- 以 2 秒心跳偵測連線；連續 6 秒無心跳判定為斷線" time="4.724">
    <system-out><![CDATA[14:58:03.949 [main] INFO org.springframework.test.context.support.AnnotationConfigContextLoaderUtils -- Could not detect default configuration classes for test class [com.gomoku.cucumber.CucumberSpringConfiguration]: CucumberSpringConfiguration does not declare any static, non-private, non-final, nested classes annotated with @Configuration.
14:58:04.003 [main] INFO org.springframework.boot.test.context.SpringBootTestContextBootstrapper -- Found @SpringBootConfiguration com.gomoku.Application for test class com.gomoku.cucumber.CucumberSpringConfiguration

  .   ____          _            __ _ _
 /\\ / ___'_ __ _ _(_)_ __  __ _ \ \ \ \
( ( )\___ | '_ | '_| | '_ \/ _` | \ \ \ \
 \\/  ___)| |_)| | | | | || (_| |  ) ) ) )
  '  |____| .__|_| |_|_| |_\__, | / / / /
 =========|_|==============|___/=/_/_/_/
 :: Spring Boot ::                (v3.2.0)

2026-06-15T14:58:04.245Z  INFO 91 --- [gomoku] [           main] c.g.c.CucumberSpringConfiguration        : Starting CucumberSpringConfiguration using Java 21.0.11 with PID 91 (started by root in /app)
2026-06-15T14:58:04.245Z  INFO 91 --- [gomoku] [           main] c.g.c.CucumberSpringConfiguration        : The following 1 profile is active: "test"
2026-06-15T14:58:04.746Z  INFO 91 --- [gomoku] [           main] .s.d.r.c.RepositoryConfigurationDelegate : Multiple Spring Data modules found, entering strict repository configuration mode
2026-06-15T14:58:04.747Z  INFO 91 --- [gomoku] [           main] .s.d.r.c.RepositoryConfigurationDelegate : Bootstrapping Spring Data JPA repositories in DEFAULT mode.
2026-06-15T14:58:04.858Z  INFO 91 --- [gomoku] [           main] .s.d.r.c.RepositoryConfigurationDelegate : Finished Spring Data repository scanning in 105 ms. Found 8 JPA repository interfaces.
2026-06-15T14:58:04.874Z  INFO 91 --- [gomoku] [           main] .s.d.r.c.RepositoryConfigurationDelegate : Multiple Spring Data modules found, entering strict repository configuration mode
2026-06-15T14:58:04.875Z  INFO 91 --- [gomoku] [           main] .s.d.r.c.RepositoryConfigurationDelegate : Bootstrapping Spring Data Redis repositories in DEFAULT mode.
2026-06-15T14:58:04.885Z  INFO 91 --- [gomoku] [           main] .RepositoryConfigurationExtensionSupport : Spring Data Redis - Could not safely identify store assignment for repository candidate interface com.gomoku.repository.GameRepository; If you want this repository to be a Redis repository, consider annotating your entities with one of these annotations: org.springframework.data.redis.core.RedisHash (preferred), or consider extending one of the following types with your repository: org.springframework.data.keyvalue.repository.KeyValueRepository
2026-06-15T14:58:04.885Z  INFO 91 --- [gomoku] [           main] .RepositoryConfigurationExtensionSupport : Spring Data Redis - Could not safely identify store assignment for repository candidate interface com.gomoku.repository.GameRoomRepository; If you want this repository to be a Redis repository, consider annotating your entities with one of these annotations: org.springframework.data.redis.core.RedisHash (preferred), or consider extending one of the following types with your repository: org.springframework.data.keyvalue.repository.KeyValueRepository
2026-06-15T14:58:04.886Z  INFO 91 --- [gomoku] [           main] .RepositoryConfigurationExtensionSupport : Spring Data Redis - Could not safely identify store assignment for repository candidate interface com.gomoku.repository.MoveRepository; If you want this repository to be a Redis repository, consider annotating your entities with one of these annotations: org.springframework.data.redis.core.RedisHash (preferred), or consider extending one of the following types with your repository: org.springframework.data.keyvalue.repository.KeyValueRepository
2026-06-15T14:58:04.886Z  INFO 91 --- [gomoku] [           main] .RepositoryConfigurationExtensionSupport : Spring Data Redis - Could not safely identify store assignment for repository candidate interface com.gomoku.repository.OpeningStoneRepository; If you want this repository to be a Redis repository, consider annotating your entities with one of these annotations: org.springframework.data.redis.core.RedisHash (preferred), or consider extending one of the following types with your repository: org.springframework.data.keyvalue.repository.KeyValueRepository
2026-06-15T14:58:04.886Z  INFO 91 --- [gomoku] [           main] .RepositoryConfigurationExtensionSupport : Spring Data Redis - Could not safely identify store assignment for repository candidate interface com.gomoku.repository.PlayerRepository; If you want this repository to be a Redis repository, consider annotating your entities with one of these annotations: org.springframework.data.redis.core.RedisHash (preferred), or consider extending one of the following types with your repository: org.springframework.data.keyvalue.repository.KeyValueRepository
2026-06-15T14:58:04.886Z  INFO 91 --- [gomoku] [           main] .RepositoryConfigurationExtensionSupport : Spring Data Redis - Could not safely identify store assignment for repository candidate interface com.gomoku.repository.PlayerStatsRepository; If you want this repository to be a Redis repository, consider annotating your entities with one of these annotations: org.springframework.data.redis.core.RedisHash (preferred), or consider extending one of the following types with your repository: org.springframework.data.keyvalue.repository.KeyValueRepository
2026-06-15T14:58:04.886Z  INFO 91 --- [gomoku] [           main] .RepositoryConfigurationExtensionSupport : Spring Data Redis - Could not safely identify store assignment for repository candidate interface com.gomoku.repository.RoomChatMessageRepository; If you want this repository to be a Redis repository, consider annotating your entities with one of these annotations: org.springframework.data.redis.core.RedisHash (preferred), or consider extending one of the following types with your repository: org.springframework.data.keyvalue.repository.KeyValueRepository
2026-06-15T14:58:04.886Z  INFO 91 --- [gomoku] [           main] .RepositoryConfigurationExtensionSupport : Spring Data Redis - Could not safely identify store assignment for repository candidate interface com.gomoku.repository.RoomMemberRepository; If you want this repository to be a Redis repository, consider annotating your entities with one of these annotations: org.springframework.data.redis.core.RedisHash (preferred), or consider extending one of the following types with your repository: org.springframework.data.keyvalue.repository.KeyValueRepository
2026-06-15T14:58:04.886Z  INFO 91 --- [gomoku] [           main] .s.d.r.c.RepositoryConfigurationDelegate : Finished Spring Data repository scanning in 6 ms. Found 0 Redis repository interfaces.
2026-06-15T14:58:05.147Z  INFO 91 --- [gomoku] [           main] o.s.b.w.embedded.tomcat.TomcatWebServer  : Tomcat initialized with port 0 (http)
2026-06-15T14:58:05.153Z  INFO 91 --- [gomoku] [           main] o.apache.catalina.core.StandardService   : Starting service [Tomcat]
2026-06-15T14:58:05.153Z  INFO 91 --- [gomoku] [           main] o.apache.catalina.core.StandardEngine    : Starting Servlet engine: [Apache Tomcat/10.1.16]
2026-06-15T14:58:05.176Z  INFO 91 --- [gomoku] [           main] o.a.c.c.C.[Tomcat].[localhost].[/]       : Initializing Spring embedded WebApplicationContext
2026-06-15T14:58:05.176Z  INFO 91 --- [gomoku] [           main] w.s.c.ServletWebServerApplicationContext : Root WebApplicationContext: initialization completed in 921 ms
2026-06-15T14:58:05.233Z  INFO 91 --- [gomoku] [           main] com.zaxxer.hikari.HikariDataSource       : HikariPool-1 - Starting...
2026-06-15T14:58:05.322Z  INFO 91 --- [gomoku] [           main] com.zaxxer.hikari.pool.HikariPool        : HikariPool-1 - Added connection org.postgresql.jdbc.PgConnection@79144d0e
2026-06-15T14:58:05.323Z  INFO 91 --- [gomoku] [           main] com.zaxxer.hikari.HikariDataSource       : HikariPool-1 - Start completed.
2026-06-15T14:58:05.360Z  INFO 91 --- [gomoku] [           main] o.f.c.internal.license.VersionPrinter    : Flyway Community Edition 9.22.3 by Redgate
2026-06-15T14:58:05.360Z  INFO 91 --- [gomoku] [           main] o.f.c.internal.license.VersionPrinter    : See release notes here: https://rd.gt/416ObMi
2026-06-15T14:58:05.360Z  INFO 91 --- [gomoku] [           main] o.f.c.internal.license.VersionPrinter    : 
2026-06-15T14:58:05.366Z  INFO 91 --- [gomoku] [           main] org.flywaydb.core.FlywayExecutor         : Database: jdbc:postgresql://postgres:5432/gomoku_ctest (PostgreSQL 15.18)
2026-06-15T14:58:05.382Z  INFO 91 --- [gomoku] [           main] o.f.c.i.s.JdbcTableSchemaHistory         : Schema history table "public"."flyway_schema_history" does not exist yet
2026-06-15T14:58:05.383Z  INFO 91 --- [gomoku] [           main] o.f.core.internal.command.DbValidate     : Successfully validated 1 migration (execution time 00:00.008s)
2026-06-15T14:58:05.390Z  INFO 91 --- [gomoku] [           main] o.f.c.i.s.JdbcTableSchemaHistory         : Creating Schema History table "public"."flyway_schema_history" ...
2026-06-15T14:58:05.412Z  INFO 91 --- [gomoku] [           main] o.f.core.internal.command.DbMigrate      : Current version of schema "public": << Empty Schema >>
2026-06-15T14:58:05.421Z  INFO 91 --- [gomoku] [           main] o.f.core.internal.command.DbMigrate      : Migrating schema "public" to version "1 - init"
2026-06-15T14:58:05.469Z  INFO 91 --- [gomoku] [           main] o.f.core.internal.command.DbMigrate      : Successfully applied 1 migration to schema "public", now at version v1 (execution time 00:00.042s)
2026-06-15T14:58:05.540Z  INFO 91 --- [gomoku] [           main] o.hibernate.jpa.internal.util.LogHelper  : HHH000204: Processing PersistenceUnitInfo [name: default]
2026-06-15T14:58:05.575Z  INFO 91 --- [gomoku] [           main] org.hibernate.Version                    : HHH000412: Hibernate ORM core version 6.3.1.Final
2026-06-15T14:58:05.591Z  INFO 91 --- [gomoku] [           main] o.h.c.internal.RegionFactoryInitiator    : HHH000026: Second-level cache disabled
2026-06-15T14:58:05.715Z  INFO 91 --- [gomoku] [           main] o.s.o.j.p.SpringPersistenceUnitInfo      : No LoadTimeWeaver setup: ignoring JPA class transformer
2026-06-15T14:58:05.742Z  WARN 91 --- [gomoku] [           main] org.hibernate.orm.deprecation            : HHH90000025: PostgreSQLDialect does not need to be specified explicitly using 'hibernate.dialect' (remove the property setting and it will be selected by default)
2026-06-15T14:58:06.291Z  INFO 91 --- [gomoku] [           main] o.h.e.t.j.p.i.JtaPlatformInitiator       : HHH000489: No JTA platform available (set 'hibernate.transaction.jta.platform' to enable JTA platform integration)
2026-06-15T14:58:06.311Z  INFO 91 --- [gomoku] [           main] j.LocalContainerEntityManagerFactoryBean : Initialized JPA EntityManagerFactory for persistence unit 'default'
2026-06-15T14:58:06.469Z  INFO 91 --- [gomoku] [           main] o.s.d.j.r.query.QueryEnhancerFactory     : Hibernate is in classpath; If applicable, HQL parser will be used.
2026-06-15T14:58:06.957Z  WARN 91 --- [gomoku] [           main] JpaBaseConfiguration$JpaWebConfiguration : spring.jpa.open-in-view is enabled by default. Therefore, database queries may be performed during view rendering. Explicitly configure spring.jpa.open-in-view to disable this warning
2026-06-15T14:58:06.969Z  WARN 91 --- [gomoku] [           main] .s.s.UserDetailsServiceAutoConfiguration : 

Using generated security password: c55c0f71-be11-4ec0-9337-183b51c5e76b

This generated password is for development use only. Your security configuration must be updated before running your application in production.

2026-06-15T14:58:07.115Z  INFO 91 --- [gomoku] [           main] o.s.s.web.DefaultSecurityFilterChain     : Will secure any request with [org.springframework.security.web.session.DisableEncodeUrlFilter@139c2c19, org.springframework.security.web.context.request.async.WebAsyncManagerIntegrationFilter@75380a14, org.springframework.security.web.context.SecurityContextHolderFilter@2a48f570, org.springframework.security.web.header.HeaderWriterFilter@20b42094, org.springframework.security.web.authentication.logout.LogoutFilter@4c740874, com.gomoku.security.JwtTokenFilter@261a66b8, org.springframework.security.web.savedrequest.RequestCacheAwareFilter@7a625e2e, org.springframework.security.web.servletapi.SecurityContextHolderAwareRequestFilter@1812086, org.springframework.security.web.authentication.AnonymousAuthenticationFilter@18e0d125, org.springframework.security.web.session.SessionManagementFilter@2a769291, org.springframework.security.web.access.ExceptionTranslationFilter@8f08b5, org.springframework.security.web.access.intercept.AuthorizationFilter@5376b688]
2026-06-15T14:58:07.377Z  INFO 91 --- [gomoku] [           main] o.s.b.w.embedded.tomcat.TomcatWebServer  : Tomcat started on port 32777 (http) with context path ''
2026-06-15T14:58:07.378Z  INFO 91 --- [gomoku] [           main] o.s.m.s.b.SimpleBrokerMessageHandler     : Starting...
2026-06-15T14:58:07.379Z  INFO 91 --- [gomoku] [           main] o.s.m.s.b.SimpleBrokerMessageHandler     : BrokerAvailabilityEvent[available=true, SimpleBrokerMessageHandler [org.springframework.messaging.simp.broker.DefaultSubscriptionRegistry@31f7fbec]]
2026-06-15T14:58:07.379Z  INFO 91 --- [gomoku] [           main] o.s.m.s.b.SimpleBrokerMessageHandler     : Started.
2026-06-15T14:58:07.381Z  INFO 91 --- [gomoku] [           main] c.g.c.CucumberSpringConfiguration        : Started CucumberSpringConfiguration in 3.299 seconds (process running for 4.27)

@ignore @command
Example: 連續 6 秒未收到心跳時判定玩家斷線      &amp#27;[90m# features/connection/連線管理與斷線判負.feature:13&amp#27;[0m
2026-06-15T14:58:07.983Z  INFO 91 --- [gomoku] [o-auto-1-exec-1] o.a.c.c.C.[Tomcat].[localhost].[/]       : Initializing Spring DispatcherServlet 'dispatcherServlet'
2026-06-15T14:58:07.983Z  INFO 91 --- [gomoku] [o-auto-1-exec-1] o.s.web.servlet.DispatcherServlet        : Initializing Servlet 'dispatcherServlet'
2026-06-15T14:58:07.983Z  INFO 91 --- [gomoku] [o-auto-1-exec-1] o.s.web.servlet.DispatcherServlet        : Completed initialization in 0 ms
2026-06-15T14:58:07.993Z  WARN 91 --- [gomoku] [o-auto-1-exec-1] o.s.w.s.h.HandlerMappingIntrospector     : Cache miss for REQUEST dispatch to '/api/gmk/v1/auth/register' (previous null). Performing MatchableHandlerMapping lookup. This is logged once only at WARN level, and every time at TRACE.
  &amp#27;[32mGiven &amp#27;[0m&amp#27;[32m一場線上對局進行中&amp#27;[0m                &amp#27;[90m# com.gomoku.steps.connection.ConnectionSteps.onlineGameInProgress()&amp#27;[0m
  &amp#27;[32mAnd &amp#27;[0m&amp#27;[32m玩家為 &amp#27;[0m&amp#27;[32m&amp#27;[1m"alice"&amp#27;[0m&amp#27;[32m（黑）與 &amp#27;[0m&amp#27;[32m&amp#27;[1m"bob"&amp#27;[0m&amp#27;[32m（白）&amp#27;[0m   &amp#27;[90m# com.gomoku.steps.connection.ConnectionSteps.playersAreBlackAndWhite(java.lang.String,java.lang.String)&amp#27;[0m
  &amp#27;[32mGiven &amp#27;[0m&amp#27;[32mWebSocket 心跳間隔為 2 秒&amp#27;[0m      &amp#27;[90m# com.gomoku.steps.connection.ConnectionSteps.webSocketHeartbeatIntervalIs2Seconds()&amp#27;[0m
  &amp#27;[32mWhen &amp#27;[0m&amp#27;[32m系統連續 6 秒未收到 &amp#27;[0m&amp#27;[32m&amp#27;[1m"alice"&amp#27;[0m&amp#27;[32m 的心跳&amp#27;[0m   &amp#27;[90m# com.gomoku.steps.connection.ConnectionSteps.systemReceivesNoHeartbeatFor6Seconds(java.lang.String)&amp#27;[0m
  &amp#27;[32mThen &amp#27;[0m&amp#27;[32m系統判定 &amp#27;[0m&amp#27;[32m&amp#27;[1m"alice"&amp#27;[0m&amp#27;[32m 已斷線&amp#27;[0m          &amp#27;[90m# com.gomoku.steps.connection.ConnectionSteps.systemDeterminesPlayerDisconnected(java.lang.String)&amp#27;[0m
  &amp#27;[32mAnd &amp#27;[0m&amp#27;[32m系統發布 PlayerDisconnected 事件&amp#27;[0m &amp#27;[90m# com.gomoku.steps.connection.ConnectionSteps.systemPublishesPlayerDisconnectedEvent()&amp#27;[0m
]]></system-out>
    <system-err><![CDATA[WARNING: A Java agent has been loaded dynamically (/root/.m2/repository/net/bytebuddy/byte-buddy-agent/1.14.10/byte-buddy-agent-1.14.10.jar)
WARNING: If a serviceability tool is in use, please run with -XX:+EnableDynamicAgentLoading to hide this warning
WARNING: If a serviceability tool is not in use, please run with -Djdk.instrument.traceUsage for more information
WARNING: Dynamic loading of agents will be disallowed by default in a future release
]]></system-err>
  </testcase>
  <testcase name="玩家斷線後啟動 30 秒寬限計時" classname="後置（狀態）- 偵測到玩家斷線時標記其為離線並啟動重連寬限計時" time="0.268">
    <system-out><![CDATA[2026-06-15T14:58:08.630Z  INFO 91 --- [gomoku] [           main] t.c.s.AnnotationConfigContextLoaderUtils : Could not detect default configuration classes for test class [com.gomoku.cucumber.CucumberSpringConfiguration]: CucumberSpringConfiguration does not declare any static, non-private, non-final, nested classes annotated with @Configuration.
2026-06-15T14:58:08.631Z  INFO 91 --- [gomoku] [           main] .b.t.c.SpringBootTestContextBootstrapper : Found @SpringBootConfiguration com.gomoku.Application for test class com.gomoku.cucumber.CucumberSpringConfiguration

@ignore @command
Example: 玩家斷線後啟動 30 秒寬限計時          &amp#27;[90m# features/connection/連線管理與斷線判負.feature:21&amp#27;[0m
  &amp#27;[32mGiven &amp#27;[0m&amp#27;[32m一場線上對局進行中&amp#27;[0m                  &amp#27;[90m# com.gomoku.steps.connection.ConnectionSteps.onlineGameInProgress()&amp#27;[0m
  &amp#27;[32mAnd &amp#27;[0m&amp#27;[32m玩家為 &amp#27;[0m&amp#27;[32m&amp#27;[1m"alice"&amp#27;[0m&amp#27;[32m（黑）與 &amp#27;[0m&amp#27;[32m&amp#27;[1m"bob"&amp#27;[0m&amp#27;[32m（白）&amp#27;[0m     &amp#27;[90m# com.gomoku.steps.connection.ConnectionSteps.playersAreBlackAndWhite(java.lang.String,java.lang.String)&amp#27;[0m
  &amp#27;[32mWhen &amp#27;[0m&amp#27;[32m玩家 &amp#27;[0m&amp#27;[32m&amp#27;[1m"alice"&amp#27;[0m&amp#27;[32m 的 WebSocket 連線中斷&amp#27;[0m &amp#27;[90m# com.gomoku.steps.connection.ConnectionSteps.playerWebSocketConnectionDropped(java.lang.String)&amp#27;[0m
  &amp#27;[32mThen &amp#27;[0m&amp#27;[32m系統發布 PlayerDisconnected 事件&amp#27;[0m  &amp#27;[90m# com.gomoku.steps.connection.ConnectionSteps.systemPublishesPlayerDisconnectedEvent()&amp#27;[0m
  &amp#27;[32mAnd &amp#27;[0m&amp#27;[32m系統對 &amp#27;[0m&amp#27;[32m&amp#27;[1m"alice"&amp#27;[0m&amp#27;[32m 啟動 30 秒重連寬限計時&amp#27;[0m    &amp#27;[90m# com.gomoku.steps.connection.ConnectionSteps.systemStartsGracePeriodTimer(java.lang.String)&amp#27;[0m
]]></system-out>
  </testcase>
  <testcase name="斷線後於寬限期內重連恢復對局" classname="後置（狀態）- 玩家於寬限期內重連則恢復對局" time="0.265">
    <system-out><![CDATA[2026-06-15T14:58:08.898Z  INFO 91 --- [gomoku] [           main] t.c.s.AnnotationConfigContextLoaderUtils : Could not detect default configuration classes for test class [com.gomoku.cucumber.CucumberSpringConfiguration]: CucumberSpringConfiguration does not declare any static, non-private, non-final, nested classes annotated with @Configuration.
2026-06-15T14:58:08.899Z  INFO 91 --- [gomoku] [           main] .b.t.c.SpringBootTestContextBootstrapper : Found @SpringBootConfiguration com.gomoku.Application for test class com.gomoku.cucumber.CucumberSpringConfiguration

@ignore @command
Example: 斷線後於寬限期內重連恢復對局          &amp#27;[90m# features/connection/連線管理與斷線判負.feature:28&amp#27;[0m
  &amp#27;[32mGiven &amp#27;[0m&amp#27;[32m一場線上對局進行中&amp#27;[0m                &amp#27;[90m# com.gomoku.steps.connection.ConnectionSteps.onlineGameInProgress()&amp#27;[0m
  &amp#27;[32mAnd &amp#27;[0m&amp#27;[32m玩家為 &amp#27;[0m&amp#27;[32m&amp#27;[1m"alice"&amp#27;[0m&amp#27;[32m（黑）與 &amp#27;[0m&amp#27;[32m&amp#27;[1m"bob"&amp#27;[0m&amp#27;[32m（白）&amp#27;[0m   &amp#27;[90m# com.gomoku.steps.connection.ConnectionSteps.playersAreBlackAndWhite(java.lang.String,java.lang.String)&amp#27;[0m
  &amp#27;[32mGiven &amp#27;[0m&amp#27;[32m玩家 &amp#27;[0m&amp#27;[32m&amp#27;[1m"alice"&amp#27;[0m&amp#27;[32m 斷線且重連寬限計時進行中&amp#27;[0m  &amp#27;[90m# com.gomoku.steps.connection.ConnectionSteps.playerDisconnectedAndGracePeriodRunning(java.lang.String)&amp#27;[0m
  &amp#27;[32mWhen &amp#27;[0m&amp#27;[32m玩家 &amp#27;[0m&amp#27;[32m&amp#27;[1m"alice"&amp#27;[0m&amp#27;[32m 在 30 秒內重新連線&amp#27;[0m    &amp#27;[90m# com.gomoku.steps.connection.ConnectionSteps.playerReconnectsWithinGracePeriod(java.lang.String)&amp#27;[0m
  &amp#27;[32mThen &amp#27;[0m&amp#27;[32m系統發布 PlayerReconnected 事件&amp#27;[0m &amp#27;[90m# com.gomoku.steps.connection.ConnectionSteps.systemPublishesPlayerReconnectedEvent()&amp#27;[0m
  &amp#27;[32mAnd &amp#27;[0m&amp#27;[32m對局恢復進行，棋盤狀態與斷線前一致&amp#27;[0m          &amp#27;[90m# com.gomoku.steps.connection.ConnectionSteps.gameResumesWithUnchangedBoardState()&amp#27;[0m
]]></system-out>
  </testcase>
  <testcase name="斷線逾 30 秒未重連時判對手勝" classname="後置（狀態）- 斷線方逾 30 秒未重連則判對手勝" time="0.261">
    <system-out><![CDATA[2026-06-15T14:58:09.163Z  INFO 91 --- [gomoku] [           main] t.c.s.AnnotationConfigContextLoaderUtils : Could not detect default configuration classes for test class [com.gomoku.cucumber.CucumberSpringConfiguration]: CucumberSpringConfiguration does not declare any static, non-private, non-final, nested classes annotated with @Configuration.
2026-06-15T14:58:09.163Z  INFO 91 --- [gomoku] [           main] .b.t.c.SpringBootTestContextBootstrapper : Found @SpringBootConfiguration com.gomoku.Application for test class com.gomoku.cucumber.CucumberSpringConfiguration

@ignore @command
Example: 斷線逾 30 秒未重連時判對手勝       &amp#27;[90m# features/connection/連線管理與斷線判負.feature:36&amp#27;[0m
  &amp#27;[32mGiven &amp#27;[0m&amp#27;[32m一場線上對局進行中&amp#27;[0m               &amp#27;[90m# com.gomoku.steps.connection.ConnectionSteps.onlineGameInProgress()&amp#27;[0m
  &amp#27;[32mAnd &amp#27;[0m&amp#27;[32m玩家為 &amp#27;[0m&amp#27;[32m&amp#27;[1m"alice"&amp#27;[0m&amp#27;[32m（黑）與 &amp#27;[0m&amp#27;[32m&amp#27;[1m"bob"&amp#27;[0m&amp#27;[32m（白）&amp#27;[0m  &amp#27;[90m# com.gomoku.steps.connection.ConnectionSteps.playersAreBlackAndWhite(java.lang.String,java.lang.String)&amp#27;[0m
  &amp#27;[32mGiven &amp#27;[0m&amp#27;[32m玩家 &amp#27;[0m&amp#27;[32m&amp#27;[1m"alice"&amp#27;[0m&amp#27;[32m 斷線且重連寬限計時進行中&amp#27;[0m &amp#27;[90m# com.gomoku.steps.connection.ConnectionSteps.playerDisconnectedAndGracePeriodRunning(java.lang.String)&amp#27;[0m
  &amp#27;[32mWhen &amp#27;[0m&amp#27;[32m30 秒過後 &amp#27;[0m&amp#27;[32m&amp#27;[1m"alice"&amp#27;[0m&amp#27;[32m 仍未重連&amp#27;[0m      &amp#27;[90m# com.gomoku.steps.connection.ConnectionSteps.gracePeriodExpiredPlayerDidNotReconnect(java.lang.String)&amp#27;[0m
  &amp#27;[32mThen &amp#27;[0m&amp#27;[32m系統判 &amp#27;[0m&amp#27;[32m&amp#27;[1m"bob"&amp#27;[0m&amp#27;[32m 勝&amp#27;[0m              &amp#27;[90m# com.gomoku.steps.connection.ConnectionSteps.systemDeclaresWinner(java.lang.String)&amp#27;[0m
  &amp#27;[32mAnd &amp#27;[0m&amp#27;[32m系統發布 GameEnded 事件&amp#27;[0m         &amp#27;[90m# com.gomoku.steps.game.GameSteps.systemPublishesGameEndedEvent()&amp#27;[0m
]]></system-out>
  </testcase>
  <testcase name="雙方同時斷線皆逾 30 秒未重連時判和局" classname="後置（狀態）- 雙方同時斷線且皆逾寬限期未重連則判和局" time="0.251">
    <system-out><![CDATA[2026-06-15T14:58:09.424Z  INFO 91 --- [gomoku] [           main] t.c.s.AnnotationConfigContextLoaderUtils : Could not detect default configuration classes for test class [com.gomoku.cucumber.CucumberSpringConfiguration]: CucumberSpringConfiguration does not declare any static, non-private, non-final, nested classes annotated with @Configuration.
2026-06-15T14:58:09.424Z  INFO 91 --- [gomoku] [           main] .b.t.c.SpringBootTestContextBootstrapper : Found @SpringBootConfiguration com.gomoku.Application for test class com.gomoku.cucumber.CucumberSpringConfiguration

@ignore @command
Example: 雙方同時斷線皆逾 30 秒未重連時判和局          &amp#27;[90m# features/connection/連線管理與斷線判負.feature:44&amp#27;[0m
  &amp#27;[32mGiven &amp#27;[0m&amp#27;[32m一場線上對局進行中&amp#27;[0m                      &amp#27;[90m# com.gomoku.steps.connection.ConnectionSteps.onlineGameInProgress()&amp#27;[0m
  &amp#27;[32mAnd &amp#27;[0m&amp#27;[32m玩家為 &amp#27;[0m&amp#27;[32m&amp#27;[1m"alice"&amp#27;[0m&amp#27;[32m（黑）與 &amp#27;[0m&amp#27;[32m&amp#27;[1m"bob"&amp#27;[0m&amp#27;[32m（白）&amp#27;[0m         &amp#27;[90m# com.gomoku.steps.connection.ConnectionSteps.playersAreBlackAndWhite(java.lang.String,java.lang.String)&amp#27;[0m
  &amp#27;[32mGiven &amp#27;[0m&amp#27;[32m玩家 &amp#27;[0m&amp#27;[32m&amp#27;[1m"alice"&amp#27;[0m&amp#27;[32m 與 &amp#27;[0m&amp#27;[32m&amp#27;[1m"bob"&amp#27;[0m&amp#27;[32m 於同一寬限視窗內皆斷線&amp#27;[0m &amp#27;[90m# com.gomoku.steps.connection.ConnectionSteps.bothPlayersDisconnectedInSameWindow(java.lang.String,java.lang.String)&amp#27;[0m
  &amp#27;[32mWhen &amp#27;[0m&amp#27;[32m30 秒過後雙方皆未重連&amp#27;[0m                    &amp#27;[90m# com.gomoku.steps.connection.ConnectionSteps.gracePeriodExpiredBothPlayersDidNotReconnect()&amp#27;[0m
  &amp#27;[32mThen &amp#27;[0m&amp#27;[32m系統判該局為和局（DRAW）&amp#27;[0m                  &amp#27;[90m# com.gomoku.steps.connection.ConnectionSteps.systemDeclaresGameDraw()&amp#27;[0m
  &amp#27;[32mAnd &amp#27;[0m&amp#27;[32m系統發布 GameEnded 事件&amp#27;[0m                &amp#27;[90m# com.gomoku.steps.game.GameSteps.systemPublishesGameEndedEvent()&amp#27;[0m
]]></system-out>
  </testcase>
  <testcase name="對局尚未開始即斷線時不判負" classname="後置（狀態）- 對局尚未開始（開局/Ready 階段）即斷線不判負，僅退出房間" time="0.305">
    <system-out><![CDATA[2026-06-15T14:58:09.675Z  INFO 91 --- [gomoku] [           main] t.c.s.AnnotationConfigContextLoaderUtils : Could not detect default configuration classes for test class [com.gomoku.cucumber.CucumberSpringConfiguration]: CucumberSpringConfiguration does not declare any static, non-private, non-final, nested classes annotated with @Configuration.
2026-06-15T14:58:09.675Z  INFO 91 --- [gomoku] [           main] .b.t.c.SpringBootTestContextBootstrapper : Found @SpringBootConfiguration com.gomoku.Application for test class com.gomoku.cucumber.CucumberSpringConfiguration

@ignore @command
Example: 對局尚未開始即斷線時不判負                                             &amp#27;[90m# features/connection/連線管理與斷線判負.feature:52&amp#27;[0m
  &amp#27;[32mGiven &amp#27;[0m&amp#27;[32m一場線上對局進行中&amp#27;[0m                                                  &amp#27;[90m# com.gomoku.steps.connection.ConnectionSteps.onlineGameInProgress()&amp#27;[0m
  &amp#27;[32mAnd &amp#27;[0m&amp#27;[32m玩家為 &amp#27;[0m&amp#27;[32m&amp#27;[1m"alice"&amp#27;[0m&amp#27;[32m（黑）與 &amp#27;[0m&amp#27;[32m&amp#27;[1m"bob"&amp#27;[0m&amp#27;[32m（白）&amp#27;[0m                                     &amp#27;[90m# com.gomoku.steps.connection.ConnectionSteps.playersAreBlackAndWhite(java.lang.String,java.lang.String)&amp#27;[0m
  &amp#27;[32mGiven &amp#27;[0m&amp#27;[32m房間 &amp#27;[0m&amp#27;[32m&amp#27;[1m"ABC123"&amp#27;[0m&amp#27;[32m 尚在 WAITING / READY / OPENING 階段（對局未進入 PLAYING）&amp#27;[0m &amp#27;[90m# com.gomoku.steps.connection.ConnectionSteps.roomIsInPrePlayingPhase(java.lang.String)&amp#27;[0m
  &amp#27;[32mWhen &amp#27;[0m&amp#27;[32m對戰玩家 &amp#27;[0m&amp#27;[32m&amp#27;[1m"alice"&amp#27;[0m&amp#27;[32m 斷線且逾寬限期未重連&amp#27;[0m                                     &amp#27;[90m# com.gomoku.steps.connection.ConnectionSteps.combatantDisconnectsAndGraceExpires(java.lang.String)&amp#27;[0m
  &amp#27;[32mThen &amp#27;[0m&amp#27;[32m系統不判任一方勝負&amp#27;[0m                                                   &amp#27;[90m# com.gomoku.steps.connection.ConnectionSteps.systemDoesNotDeclarWinner()&amp#27;[0m
  &amp#27;[32mAnd &amp#27;[0m&amp#27;[32m系統將 &amp#27;[0m&amp#27;[32m&amp#27;[1m"alice"&amp#27;[0m&amp#27;[32m 移出對戰席，房間退回等待狀態&amp#27;[0m                                   &amp#27;[90m# com.gomoku.steps.connection.ConnectionSteps.systemRemovesPlayerAndRoomReverts(java.lang.String)&amp#27;[0m
]]></system-out>
  </testcase>
  <testcase name="普通模式投擲後指派黑白" classname="後置（狀態）- 普通模式硬幣結果決定誰執黑（先手）" time="0.045">
    <system-out><![CDATA[2026-06-15T14:58:09.981Z  INFO 91 --- [gomoku] [           main] t.c.s.AnnotationConfigContextLoaderUtils : Could not detect default configuration classes for test class [com.gomoku.cucumber.CucumberSpringConfiguration]: CucumberSpringConfiguration does not declare any static, non-private, non-final, nested classes annotated with @Configuration.
2026-06-15T14:58:09.981Z  INFO 91 --- [gomoku] [           main] .b.t.c.SpringBootTestContextBootstrapper : Found @SpringBootConfiguration com.gomoku.Application for test class com.gomoku.cucumber.CucumberSpringConfiguration

@ignore @command
Example: 普通模式投擲後指派黑白                &amp#27;[90m# features/game/投擲硬幣決定先手.feature:8&amp#27;[0m
  &amp#27;[32mGiven &amp#27;[0m&amp#27;[32m房間 &amp#27;[0m&amp#27;[32m&amp#27;[1m"ABC123"&amp#27;[0m&amp#27;[32m 為普通模式且雙方皆 Ready&amp#27;[0m &amp#27;[90m# com.gomoku.steps.game.GameSteps.roomIsNormalModeAndBothReady(java.lang.String)&amp#27;[0m
  &amp#27;[32mWhen &amp#27;[0m&amp#27;[32m系統投擲硬幣&amp#27;[0m                       &amp#27;[90m# com.gomoku.steps.game.GameSteps.systemTossesCoin()&amp#27;[0m
  &amp#27;[32mThen &amp#27;[0m&amp#27;[32m操作成功&amp#27;[0m                         &amp#27;[90m# com.gomoku.steps.common_then.CommonThen.operationSuccessful()&amp#27;[0m
  &amp#27;[32mAnd &amp#27;[0m&amp#27;[32m系統指派一方執黑（先手）、另一方執白&amp#27;[0m            &amp#27;[90m# com.gomoku.steps.game.GameSteps.systemAssignsBlackAndWhite()&amp#27;[0m
  &amp#27;[32mAnd &amp#27;[0m&amp#27;[32m系統發布 CoinTossCompleted 事件&amp#27;[0m     &amp#27;[90m# com.gomoku.steps.game.GameSteps.systemPublishesCoinTossCompletedEvent()&amp#27;[0m
]]></system-out>
  </testcase>
  <testcase name="Swap2 模式投擲後指派假先方並進入開局" classname="後置（狀態）- Swap2 模式硬幣結果決定誰是假先方（放置開局三子者）" time="0.03">
    <system-out><![CDATA[2026-06-15T14:58:10.026Z  INFO 91 --- [gomoku] [           main] t.c.s.AnnotationConfigContextLoaderUtils : Could not detect default configuration classes for test class [com.gomoku.cucumber.CucumberSpringConfiguration]: CucumberSpringConfiguration does not declare any static, non-private, non-final, nested classes annotated with @Configuration.
2026-06-15T14:58:10.027Z  INFO 91 --- [gomoku] [           main] .b.t.c.SpringBootTestContextBootstrapper : Found @SpringBootConfiguration com.gomoku.Application for test class com.gomoku.cucumber.CucumberSpringConfiguration

@ignore @command
Example: Swap2 模式投擲後指派假先方並進入開局           &amp#27;[90m# features/game/投擲硬幣決定先手.feature:17&amp#27;[0m
  &amp#27;[32mGiven &amp#27;[0m&amp#27;[32m房間 &amp#27;[0m&amp#27;[32m&amp#27;[1m"SWAP01"&amp#27;[0m&amp#27;[32m 為 Swap2 模式且雙方皆 Ready&amp#27;[0m &amp#27;[90m# com.gomoku.steps.game.GameSteps.roomIsSwap2ModeAndBothReady(java.lang.String)&amp#27;[0m
  &amp#27;[32mWhen &amp#27;[0m&amp#27;[32m系統投擲硬幣&amp#27;[0m                            &amp#27;[90m# com.gomoku.steps.game.GameSteps.systemTossesCoin()&amp#27;[0m
  &amp#27;[32mThen &amp#27;[0m&amp#27;[32m操作成功&amp#27;[0m                              &amp#27;[90m# com.gomoku.steps.common_then.CommonThen.operationSuccessful()&amp#27;[0m
  &amp#27;[32mAnd &amp#27;[0m&amp#27;[32m系統指派一方為假先方（tentative-first）&amp#27;[0m        &amp#27;[90m# com.gomoku.steps.game.GameSteps.systemAssignsTentativeFirst()&amp#27;[0m
  &amp#27;[32mAnd &amp#27;[0m&amp#27;[32m系統發布 CoinTossCompleted 事件&amp#27;[0m          &amp#27;[90m# com.gomoku.steps.game.GameSteps.systemPublishesCoinTossCompletedEvent()&amp#27;[0m
  &amp#27;[32mAnd &amp#27;[0m&amp#27;[32m隨後發布 Swap2OpeningStarted 事件&amp#27;[0m        &amp#27;[90m# com.gomoku.steps.game.GameSteps.systemPublishesSwap2OpeningStarted()&amp#27;[0m
]]></system-out>
  </testcase>
  <testcase name="前端動畫結果與後端判定一致" classname="後置（回應）- 硬幣結果由後端決定，前端僅播放動畫呈現" time="0.028">
    <system-out><![CDATA[2026-06-15T14:58:10.056Z  INFO 91 --- [gomoku] [           main] t.c.s.AnnotationConfigContextLoaderUtils : Could not detect default configuration classes for test class [com.gomoku.cucumber.CucumberSpringConfiguration]: CucumberSpringConfiguration does not declare any static, non-private, non-final, nested classes annotated with @Configuration.
2026-06-15T14:58:10.056Z  INFO 91 --- [gomoku] [           main] .b.t.c.SpringBootTestContextBootstrapper : Found @SpringBootConfiguration com.gomoku.Application for test class com.gomoku.cucumber.CucumberSpringConfiguration

@ignore @command
Example: 前端動畫結果與後端判定一致     &amp#27;[90m# features/game/投擲硬幣決定先手.feature:27&amp#27;[0m
  &amp#27;[32mGiven &amp#27;[0m&amp#27;[32m後端已判定硬幣結果為 &amp#27;[0m&amp#27;[32m&amp#27;[1m"HEADS"&amp#27;[0m &amp#27;[90m# com.gomoku.steps.game.GameSteps.backendDeterminedCoinResult(java.lang.String)&amp#27;[0m
  &amp#27;[32mWhen &amp#27;[0m&amp#27;[32m前端播放硬幣翻轉動畫&amp#27;[0m          &amp#27;[90m# com.gomoku.steps.game.GameSteps.frontendPlaysCoinAnimation()&amp#27;[0m
  &amp#27;[32mThen &amp#27;[0m&amp#27;[32m動畫最終呈現結果為 &amp#27;[0m&amp#27;[32m&amp#27;[1m"HEADS"&amp#27;[0m   &amp#27;[90m# com.gomoku.steps.game.GameSteps.animationResultIs(java.lang.String)&amp#27;[0m
]]></system-out>
  </testcase>
  <testcase name="對局結束後再戰" classname="後置（狀態）- 一鍵再戰時清空棋盤但保留雙方玩家名稱" time="0.108">
    <system-out><![CDATA[2026-06-15T14:58:10.084Z  INFO 91 --- [gomoku] [           main] t.c.s.AnnotationConfigContextLoaderUtils : Could not detect default configuration classes for test class [com.gomoku.cucumber.CucumberSpringConfiguration]: CucumberSpringConfiguration does not declare any static, non-private, non-final, nested classes annotated with @Configuration.
2026-06-15T14:58:10.084Z  INFO 91 --- [gomoku] [           main] .b.t.c.SpringBootTestContextBootstrapper : Found @SpringBootConfiguration com.gomoku.Application for test class com.gomoku.cucumber.CucumberSpringConfiguration

@ignore @command
Example: 對局結束後再戰                  &amp#27;[90m# features/game/本地再戰重置.feature:7&amp#27;[0m
  &amp#27;[32mGiven &amp#27;[0m&amp#27;[32m一場本地對局已結束，玩家名稱為 &amp#27;[0m&amp#27;[32m&amp#27;[1m"甲"&amp#27;[0m&amp#27;[32m 與 &amp#27;[0m&amp#27;[32m&amp#27;[1m"乙"&amp#27;[0m &amp#27;[90m# com.gomoku.steps.game.GameSteps.localGameEndedWithPlayers(java.lang.String,java.lang.String)&amp#27;[0m
  &amp#27;[32mWhen &amp#27;[0m&amp#27;[32m玩家點擊再戰&amp#27;[0m                     &amp#27;[90m# com.gomoku.steps.game.GameSteps.playerClicksRematch()&amp#27;[0m
  &amp#27;[32mThen &amp#27;[0m&amp#27;[32m操作成功&amp#27;[0m                       &amp#27;[90m# com.gomoku.steps.common_then.CommonThen.operationSuccessful()&amp#27;[0m
  &amp#27;[32mAnd &amp#27;[0m&amp#27;[32m棋盤清空為空盤&amp#27;[0m                     &amp#27;[90m# com.gomoku.steps.game.GameSteps.boardClearedToEmpty()&amp#27;[0m
  &amp#27;[32mAnd &amp#27;[0m&amp#27;[32m玩家名稱仍為 &amp#27;[0m&amp#27;[32m&amp#27;[1m"甲"&amp#27;[0m&amp#27;[32m 與 &amp#27;[0m&amp#27;[32m&amp#27;[1m"乙"&amp#27;[0m            &amp#27;[90m# com.gomoku.steps.game.GameSteps.playerNamesRemain(java.lang.String,java.lang.String)&amp#27;[0m
]]></system-out>
  </testcase>
  <testcase name="在已有棋子的位置落子時遭拒" classname="前置（參數）- 落子位置必須在棋盤範圍內且為空位" time="0.04">
    <system-out><![CDATA[2026-06-15T14:58:10.192Z  INFO 91 --- [gomoku] [           main] t.c.s.AnnotationConfigContextLoaderUtils : Could not detect default configuration classes for test class [com.gomoku.cucumber.CucumberSpringConfiguration]: CucumberSpringConfiguration does not declare any static, non-private, non-final, nested classes annotated with @Configuration.
2026-06-15T14:58:10.193Z  INFO 91 --- [gomoku] [           main] .b.t.c.SpringBootTestContextBootstrapper : Found @SpringBootConfiguration com.gomoku.Application for test class com.gomoku.cucumber.CucumberSpringConfiguration

@ignore @command
Example: 在已有棋子的位置落子時遭拒        &amp#27;[90m# features/game/本地落子.feature:13&amp#27;[0m
  &amp#27;[32mGiven &amp#27;[0m&amp#27;[32m一場本地雙人對局進行中，棋盤為 15×15&amp#27;[0m &amp#27;[90m# com.gomoku.steps.game.GameSteps.localGameInProgress15x15()&amp#27;[0m
  &amp#27;[32mAnd &amp#27;[0m&amp#27;[32m目前輪到黑方&amp#27;[0m                  &amp#27;[90m# com.gomoku.steps.game.GameSteps.currentTurnIsBlack()&amp#27;[0m
  &amp#27;[32mGiven &amp#27;[0m&amp#27;[32m(&amp#27;[0m&amp#27;[32m&amp#27;[1m7&amp#27;[0m&amp#27;[32m,&amp#27;[0m&amp#27;[32m&amp#27;[1m7&amp#27;[0m&amp#27;[32m) 已有黑子&amp#27;[0m            &amp#27;[90m# com.gomoku.steps.game.GameSteps.positionHasBlackStone(int,int)&amp#27;[0m
  &amp#27;[32mWhen &amp#27;[0m&amp#27;[32m在 (&amp#27;[0m&amp#27;[32m&amp#27;[1m7&amp#27;[0m&amp#27;[32m,&amp#27;[0m&amp#27;[32m&amp#27;[1m7&amp#27;[0m&amp#27;[32m) 落子&amp#27;[0m             &amp#27;[90m# com.gomoku.steps.game.GameSteps.placeStonAtPosition(int,int)&amp#27;[0m
  &amp#27;[32mThen &amp#27;[0m&amp#27;[32m操作失敗，錯誤為 &amp#27;[0m&amp#27;[32m&amp#27;[1m"該位置已有棋子"&amp#27;[0m     &amp#27;[90m# com.gomoku.steps.common_then.CommonThen.operationFailedWithError(java.lang.String)&amp#27;[0m
]]></system-out>
  </testcase>
  <testcase name="在已有棋子的位置落子時遭拒" classname="前置（參數）- 落子位置必須在棋盤範圍內且為空位" time="0.033">
    <system-out><![CDATA[2026-06-15T14:58:10.608Z  INFO 91 --- [gomoku] [           main] t.c.s.AnnotationConfigContextLoaderUtils : Could not detect default configuration classes for test class [com.gomoku.cucumber.CucumberSpringConfiguration]: CucumberSpringConfiguration does not declare any static, non-private, non-final, nested classes annotated with @Configuration.
2026-06-15T14:58:10.609Z  INFO 91 --- [gomoku] [           main] .b.t.c.SpringBootTestContextBootstrapper : Found @SpringBootConfiguration com.gomoku.Application for test class com.gomoku.cucumber.CucumberSpringConfiguration

@ignore @command
Example: 在已有棋子的位置落子時遭拒                  &amp#27;[90m# features/game/線上落子.feature:20&amp#27;[0m
  &amp#27;[32mGiven &amp#27;[0m&amp#27;[32m一場線上對局進行中，棋盤為 15×15&amp#27;[0m             &amp#27;[90m# com.gomoku.steps.game.GameSteps.onlineGameInProgress15x15()&amp#27;[0m
  &amp#27;[32mAnd &amp#27;[0m&amp#27;[32m目前輪到黑方&amp#27;[0m                            &amp#27;[90m# com.gomoku.steps.game.GameSteps.currentTurnIsBlack()&amp#27;[0m
  &amp#27;[32mGiven &amp#27;[0m&amp#27;[32m(&amp#27;[0m&amp#27;[32m&amp#27;[1m7&amp#27;[0m&amp#27;[32m,&amp#27;[0m&amp#27;[32m&amp#27;[1m7&amp#27;[0m&amp#27;[32m) 已有黑子&amp#27;[0m                      &amp#27;[90m# com.gomoku.steps.game.GameSteps.positionHasBlackStone(int,int)&amp#27;[0m
  &amp#27;[32mWhen &amp#27;[0m&amp#27;[32m黑方嘗試在 (&amp#27;[0m&amp#27;[32m&amp#27;[1m7&amp#27;[0m&amp#27;[32m,&amp#27;[0m&amp#27;[32m&amp#27;[1m7&amp#27;[0m&amp#27;[32m) 落子&amp#27;[0m                   &amp#27;[90m# com.gomoku.steps.game.GameSteps.blackAttempsToPlaceStone(int,int)&amp#27;[0m
  &amp#27;[32mThen &amp#27;[0m&amp#27;[32m操作失敗，系統發布 InvalidMoveRejected 事件&amp#27;[0m &amp#27;[90m# com.gomoku.steps.game.GameSteps.operationFailedWithInvalidMoveRejected()&amp#27;[0m
  &amp#27;[32mAnd &amp#27;[0m&amp#27;[32m錯誤為 &amp#27;[0m&amp#27;[32m&amp#27;[1m"該位置已有棋子"&amp#27;[0m                     &amp#27;[90m# com.gomoku.steps.game.GameSteps.errorIs(java.lang.String)&amp#27;[0m
]]></system-out>
  </testcase>
  <testcase name="在棋盤外的位置落子時遭拒" classname="前置（參數）- 落子位置必須在棋盤範圍內且為空位" time="0.032">
    <system-out><![CDATA[2026-06-15T14:58:10.641Z  INFO 91 --- [gomoku] [           main] t.c.s.AnnotationConfigContextLoaderUtils : Could not detect default configuration classes for test class [com.gomoku.cucumber.CucumberSpringConfiguration]: CucumberSpringConfiguration does not declare any static, non-private, non-final, nested classes annotated with @Configuration.
2026-06-15T14:58:10.642Z  INFO 91 --- [gomoku] [           main] .b.t.c.SpringBootTestContextBootstrapper : Found @SpringBootConfiguration com.gomoku.Application for test class com.gomoku.cucumber.CucumberSpringConfiguration

@ignore @command
Example: 在棋盤外的位置落子時遭拒                   &amp#27;[90m# features/game/線上落子.feature:26&amp#27;[0m
  &amp#27;[32mGiven &amp#27;[0m&amp#27;[32m一場線上對局進行中，棋盤為 15×15&amp#27;[0m             &amp#27;[90m# com.gomoku.steps.game.GameSteps.onlineGameInProgress15x15()&amp#27;[0m
  &amp#27;[32mAnd &amp#27;[0m&amp#27;[32m目前輪到黑方&amp#27;[0m                            &amp#27;[90m# com.gomoku.steps.game.GameSteps.currentTurnIsBlack()&amp#27;[0m
  &amp#27;[32mWhen &amp#27;[0m&amp#27;[32m黑方嘗試在 (&amp#27;[0m&amp#27;[32m&amp#27;[1m15&amp#27;[0m&amp#27;[32m,&amp#27;[0m&amp#27;[32m&amp#27;[1m15&amp#27;[0m&amp#27;[32m) 落子&amp#27;[0m                 &amp#27;[90m# com.gomoku.steps.game.GameSteps.blackAttempsToPlaceStone(int,int)&amp#27;[0m
  &amp#27;[32mThen &amp#27;[0m&amp#27;[32m操作失敗，系統發布 InvalidMoveRejected 事件&amp#27;[0m &amp#27;[90m# com.gomoku.steps.game.GameSteps.operationFailedWithInvalidMoveRejected()&amp#27;[0m
  &amp#27;[32mAnd &amp#27;[0m&amp#27;[32m錯誤為 &amp#27;[0m&amp#27;[32m&amp#27;[1m"落子超出棋盤範圍"&amp#27;[0m                    &amp#27;[90m# com.gomoku.steps.game.GameSteps.errorIs(java.lang.String)&amp#27;[0m
]]></system-out>
  </testcase>
  <testcase name="合法落子後回合切換" classname="後置（狀態）- 合法落子後切換回合並更新本地棋盤" time="0.033">
    <system-out><![CDATA[2026-06-15T14:58:10.233Z  INFO 91 --- [gomoku] [           main] t.c.s.AnnotationConfigContextLoaderUtils : Could not detect default configuration classes for test class [com.gomoku.cucumber.CucumberSpringConfiguration]: CucumberSpringConfiguration does not declare any static, non-private, non-final, nested classes annotated with @Configuration.
2026-06-15T14:58:10.234Z  INFO 91 --- [gomoku] [           main] .b.t.c.SpringBootTestContextBootstrapper : Found @SpringBootConfiguration com.gomoku.Application for test class com.gomoku.cucumber.CucumberSpringConfiguration

@ignore @command
Example: 合法落子後回合切換            &amp#27;[90m# features/game/本地落子.feature:20&amp#27;[0m
  &amp#27;[32mGiven &amp#27;[0m&amp#27;[32m一場本地雙人對局進行中，棋盤為 15×15&amp#27;[0m &amp#27;[90m# com.gomoku.steps.game.GameSteps.localGameInProgress15x15()&amp#27;[0m
  &amp#27;[32mAnd &amp#27;[0m&amp#27;[32m目前輪到黑方&amp#27;[0m                  &amp#27;[90m# com.gomoku.steps.game.GameSteps.currentTurnIsBlack()&amp#27;[0m
  &amp#27;[32mWhen &amp#27;[0m&amp#27;[32m黑方在 (&amp#27;[0m&amp#27;[32m&amp#27;[1m7&amp#27;[0m&amp#27;[32m,&amp#27;[0m&amp#27;[32m&amp#27;[1m7&amp#27;[0m&amp#27;[32m) 落子&amp#27;[0m           &amp#27;[90m# com.gomoku.steps.game.GameSteps.blackPlacesStone(int,int)&amp#27;[0m
  &amp#27;[32mThen &amp#27;[0m&amp#27;[32m操作成功&amp#27;[0m                   &amp#27;[90m# com.gomoku.steps.common_then.CommonThen.operationSuccessful()&amp#27;[0m
  &amp#27;[32mAnd &amp#27;[0m&amp#27;[32m系統發布 MovePlaced 事件&amp#27;[0m      &amp#27;[90m# com.gomoku.steps.game.GameSteps.systemPublishesMovePlacedEvent()&amp#27;[0m
  &amp#27;[32mAnd &amp#27;[0m&amp#27;[32m回合切換為白方&amp#27;[0m                 &amp#27;[90m# com.gomoku.steps.game.GameSteps.turnSwitchesToWhite()&amp#27;[0m
]]></system-out>
  </testcase>
  <testcase name="黑方連成五子時判黑方勝" classname="後置（狀態）- 同色達成五子或以上連線即判該方勝" time="0.086">
    <system-out><![CDATA[2026-06-15T14:58:10.267Z  INFO 91 --- [gomoku] [           main] t.c.s.AnnotationConfigContextLoaderUtils : Could not detect default configuration classes for test class [com.gomoku.cucumber.CucumberSpringConfiguration]: CucumberSpringConfiguration does not declare any static, non-private, non-final, nested classes annotated with @Configuration.
2026-06-15T14:58:10.267Z  INFO 91 --- [gomoku] [           main] .b.t.c.SpringBootTestContextBootstrapper : Found @SpringBootConfiguration com.gomoku.Application for test class com.gomoku.cucumber.CucumberSpringConfiguration

@ignore @command
Example: 黑方連成五子時判黑方勝                      &amp#27;[90m# features/game/本地落子.feature:28&amp#27;[0m
  &amp#27;[32mGiven &amp#27;[0m&amp#27;[32m一場本地雙人對局進行中，棋盤為 15×15&amp#27;[0m             &amp#27;[90m# com.gomoku.steps.game.GameSteps.localGameInProgress15x15()&amp#27;[0m
  &amp#27;[32mAnd &amp#27;[0m&amp#27;[32m目前輪到黑方&amp#27;[0m                              &amp#27;[90m# com.gomoku.steps.game.GameSteps.currentTurnIsBlack()&amp#27;[0m
  &amp#27;[32mGiven &amp#27;[0m&amp#27;[32m黑方已在 &amp#27;[0m&amp#27;[32m&amp#27;[1m(7,3),(7,4),(7,5),(7,6)&amp#27;[0m&amp#27;[32m 連續落子&amp#27;[0m &amp#27;[90m# com.gomoku.steps.game.GameSteps.blackHasPlacedStonesAt(java.lang.String)&amp#27;[0m
  &amp#27;[32mWhen &amp#27;[0m&amp#27;[32m黑方在 (&amp#27;[0m&amp#27;[32m&amp#27;[1m7&amp#27;[0m&amp#27;[32m,&amp#27;[0m&amp#27;[32m&amp#27;[1m7&amp#27;[0m&amp#27;[32m) 落子形成水平五連&amp#27;[0m                 &amp#27;[90m# com.gomoku.steps.game.GameSteps.blackPlacesWinningFifthStone(int,int)&amp#27;[0m
  &amp#27;[32mThen &amp#27;[0m&amp#27;[32m操作成功&amp#27;[0m                               &amp#27;[90m# com.gomoku.steps.common_then.CommonThen.operationSuccessful()&amp#27;[0m
  &amp#27;[32mAnd &amp#27;[0m&amp#27;[32m系統發布 WinConditionMet 事件，勝方為黑方&amp#27;[0m       &amp#27;[90m# com.gomoku.steps.game.GameSteps.systemPublishesWinConditionMetBlack()&amp#27;[0m
]]></system-out>
  </testcase>
  <testcase name="非當前回合方落子時遭拒" classname="前置（狀態）- 必須輪到該玩家才能落子（伺服器權威）" time="0.255">
    <system-out><![CDATA[2026-06-15T14:58:10.354Z  INFO 91 --- [gomoku] [           main] t.c.s.AnnotationConfigContextLoaderUtils : Could not detect default configuration classes for test class [com.gomoku.cucumber.CucumberSpringConfiguration]: CucumberSpringConfiguration does not declare any static, non-private, non-final, nested classes annotated with @Configuration.
2026-06-15T14:58:10.355Z  INFO 91 --- [gomoku] [           main] .b.t.c.SpringBootTestContextBootstrapper : Found @SpringBootConfiguration com.gomoku.Application for test class com.gomoku.cucumber.CucumberSpringConfiguration

@ignore @command
Example: 非當前回合方落子時遭拒                    &amp#27;[90m# features/game/線上落子.feature:13&amp#27;[0m
  &amp#27;[32mGiven &amp#27;[0m&amp#27;[32m一場線上對局進行中，棋盤為 15×15&amp#27;[0m             &amp#27;[90m# com.gomoku.steps.game.GameSteps.onlineGameInProgress15x15()&amp#27;[0m
  &amp#27;[32mAnd &amp#27;[0m&amp#27;[32m目前輪到黑方&amp#27;[0m                            &amp#27;[90m# com.gomoku.steps.game.GameSteps.currentTurnIsBlack()&amp#27;[0m
  &amp#27;[32mWhen &amp#27;[0m&amp#27;[32m白方嘗試在 (&amp#27;[0m&amp#27;[32m&amp#27;[1m7&amp#27;[0m&amp#27;[32m,&amp#27;[0m&amp#27;[32m&amp#27;[1m7&amp#27;[0m&amp#27;[32m) 落子&amp#27;[0m                   &amp#27;[90m# com.gomoku.steps.game.GameSteps.whiteAttempsToPlaceStone(int,int)&amp#27;[0m
  &amp#27;[32mThen &amp#27;[0m&amp#27;[32m操作失敗，系統發布 InvalidMoveRejected 事件&amp#27;[0m &amp#27;[90m# com.gomoku.steps.game.GameSteps.operationFailedWithInvalidMoveRejected()&amp#27;[0m
  &amp#27;[32mAnd &amp#27;[0m&amp#27;[32m錯誤為 &amp#27;[0m&amp#27;[32m&amp#27;[1m"尚未輪到你"&amp#27;[0m                       &amp#27;[90m# com.gomoku.steps.game.GameSteps.errorIs(java.lang.String)&amp#27;[0m
]]></system-out>
  </testcase>
  <testcase name="合法落子後廣播狀態更新" classname="後置（狀態）- 合法落子後後端記錄並廣播給房內雙方" time="0.029">
    <system-out><![CDATA[2026-06-15T14:58:10.673Z  INFO 91 --- [gomoku] [           main] t.c.s.AnnotationConfigContextLoaderUtils : Could not detect default configuration classes for test class [com.gomoku.cucumber.CucumberSpringConfiguration]: CucumberSpringConfiguration does not declare any static, non-private, non-final, nested classes annotated with @Configuration.
2026-06-15T14:58:10.674Z  INFO 91 --- [gomoku] [           main] .b.t.c.SpringBootTestContextBootstrapper : Found @SpringBootConfiguration com.gomoku.Application for test class com.gomoku.cucumber.CucumberSpringConfiguration

@ignore @command
Example: 合法落子後廣播狀態更新                &amp#27;[90m# features/game/線上落子.feature:33&amp#27;[0m
  &amp#27;[32mGiven &amp#27;[0m&amp#27;[32m一場線上對局進行中，棋盤為 15×15&amp#27;[0m         &amp#27;[90m# com.gomoku.steps.game.GameSteps.onlineGameInProgress15x15()&amp#27;[0m
  &amp#27;[32mAnd &amp#27;[0m&amp#27;[32m目前輪到黑方&amp#27;[0m                        &amp#27;[90m# com.gomoku.steps.game.GameSteps.currentTurnIsBlack()&amp#27;[0m
  &amp#27;[32mWhen &amp#27;[0m&amp#27;[32m黑方在 (&amp#27;[0m&amp#27;[32m&amp#27;[1m7&amp#27;[0m&amp#27;[32m,&amp#27;[0m&amp#27;[32m&amp#27;[1m7&amp#27;[0m&amp#27;[32m) 落子&amp#27;[0m                 &amp#27;[90m# com.gomoku.steps.game.GameSteps.blackPlacesStone(int,int)&amp#27;[0m
  &amp#27;[32mThen &amp#27;[0m&amp#27;[32m操作成功&amp#27;[0m                         &amp#27;[90m# com.gomoku.steps.common_then.CommonThen.operationSuccessful()&amp#27;[0m
  &amp#27;[32mAnd &amp#27;[0m&amp#27;[32m系統發布 MovePlaced 事件&amp#27;[0m            &amp#27;[90m# com.gomoku.steps.game.GameSteps.systemPublishesMovePlacedEvent()&amp#27;[0m
  &amp#27;[32mAnd &amp#27;[0m&amp#27;[32m系統發布 GameStateUpdated 事件廣播給雙方&amp#27;[0m &amp#27;[90m# com.gomoku.steps.game.GameSteps.systemPublishesGameStateUpdated()&amp#27;[0m
  &amp#27;[32mAnd &amp#27;[0m&amp#27;[32m回合切換為白方&amp#27;[0m                       &amp#27;[90m# com.gomoku.steps.game.GameSteps.turnSwitchesToWhite()&amp#27;[0m
]]></system-out>
  </testcase>
  <testcase name="黑方連成五子時判黑方勝" classname="後置（狀態）- 同色達成五子或以上連線即判該方勝（長連算勝、無禁手）" time="0.074">
    <system-out><![CDATA[2026-06-15T14:58:10.703Z  INFO 91 --- [gomoku] [           main] t.c.s.AnnotationConfigContextLoaderUtils : Could not detect default configuration classes for test class [com.gomoku.cucumber.CucumberSpringConfiguration]: CucumberSpringConfiguration does not declare any static, non-private, non-final, nested classes annotated with @Configuration.
2026-06-15T14:58:10.704Z  INFO 91 --- [gomoku] [           main] .b.t.c.SpringBootTestContextBootstrapper : Found @SpringBootConfiguration com.gomoku.Application for test class com.gomoku.cucumber.CucumberSpringConfiguration

@ignore @command
Example: 黑方連成五子時判黑方勝                      &amp#27;[90m# features/game/線上落子.feature:42&amp#27;[0m
  &amp#27;[32mGiven &amp#27;[0m&amp#27;[32m一場線上對局進行中，棋盤為 15×15&amp#27;[0m               &amp#27;[90m# com.gomoku.steps.game.GameSteps.onlineGameInProgress15x15()&amp#27;[0m
  &amp#27;[32mAnd &amp#27;[0m&amp#27;[32m目前輪到黑方&amp#27;[0m                              &amp#27;[90m# com.gomoku.steps.game.GameSteps.currentTurnIsBlack()&amp#27;[0m
  &amp#27;[32mGiven &amp#27;[0m&amp#27;[32m黑方已在 &amp#27;[0m&amp#27;[32m&amp#27;[1m(7,3),(7,4),(7,5),(7,6)&amp#27;[0m&amp#27;[32m 連續落子&amp#27;[0m &amp#27;[90m# com.gomoku.steps.game.GameSteps.blackHasPlacedStonesAt(java.lang.String)&amp#27;[0m
  &amp#27;[32mWhen &amp#27;[0m&amp#27;[32m黑方在 (&amp#27;[0m&amp#27;[32m&amp#27;[1m7&amp#27;[0m&amp#27;[32m,&amp#27;[0m&amp#27;[32m&amp#27;[1m7&amp#27;[0m&amp#27;[32m) 落子形成水平五連&amp#27;[0m                 &amp#27;[90m# com.gomoku.steps.game.GameSteps.blackPlacesWinningFifthStone(int,int)&amp#27;[0m
  &amp#27;[32mThen &amp#27;[0m&amp#27;[32m操作成功&amp#27;[0m                               &amp#27;[90m# com.gomoku.steps.common_then.CommonThen.operationSuccessful()&amp#27;[0m
  &amp#27;[32mAnd &amp#27;[0m&amp#27;[32m系統發布 WinConditionMet 事件，勝方為黑方&amp#27;[0m       &amp#27;[90m# com.gomoku.steps.game.GameSteps.systemPublishesWinConditionMetBlack()&amp#27;[0m
  &amp#27;[32mAnd &amp#27;[0m&amp#27;[32m系統發布 GameEnded 事件&amp#27;[0m                   &amp#27;[90m# com.gomoku.steps.game.GameSteps.systemPublishesGameEndedEvent()&amp#27;[0m
]]></system-out>
  </testcase>
  <testcase name="黑方連成六子（長連）時仍判黑方勝" classname="後置（狀態）- 同色達成五子或以上連線即判該方勝（長連算勝、無禁手）" time="0.068">
    <system-out><![CDATA[2026-06-15T14:58:10.778Z  INFO 91 --- [gomoku] [           main] t.c.s.AnnotationConfigContextLoaderUtils : Could not detect default configuration classes for test class [com.gomoku.cucumber.CucumberSpringConfiguration]: CucumberSpringConfiguration does not declare any static, non-private, non-final, nested classes annotated with @Configuration.
2026-06-15T14:58:10.779Z  INFO 91 --- [gomoku] [           main] .b.t.c.SpringBootTestContextBootstrapper : Found @SpringBootConfiguration com.gomoku.Application for test class com.gomoku.cucumber.CucumberSpringConfiguration

@ignore @command
Example: 黑方連成六子（長連）時仍判黑方勝                       &amp#27;[90m# features/game/線上落子.feature:49&amp#27;[0m
  &amp#27;[32mGiven &amp#27;[0m&amp#27;[32m一場線上對局進行中，棋盤為 15×15&amp#27;[0m                     &amp#27;[90m# com.gomoku.steps.game.GameSteps.onlineGameInProgress15x15()&amp#27;[0m
  &amp#27;[32mAnd &amp#27;[0m&amp#27;[32m目前輪到黑方&amp#27;[0m                                    &amp#27;[90m# com.gomoku.steps.game.GameSteps.currentTurnIsBlack()&amp#27;[0m
  &amp#27;[32mGiven &amp#27;[0m&amp#27;[32m黑方已在 &amp#27;[0m&amp#27;[32m&amp#27;[1m(7,2),(7,3),(7,4),(7,5),(7,6)&amp#27;[0m&amp#27;[32m 連續落子&amp#27;[0m &amp#27;[90m# com.gomoku.steps.game.GameSteps.blackHasPlacedStonesAt(java.lang.String)&amp#27;[0m
  &amp#27;[32mWhen &amp#27;[0m&amp#27;[32m黑方在 (&amp#27;[0m&amp#27;[32m&amp#27;[1m7&amp#27;[0m&amp#27;[32m,&amp#27;[0m&amp#27;[32m&amp#27;[1m7&amp#27;[0m&amp#27;[32m) 落子形成水平六連&amp#27;[0m                       &amp#27;[90m# com.gomoku.steps.game.GameSteps.blackPlacesWinningSixthStone(int,int)&amp#27;[0m
  &amp#27;[32mThen &amp#27;[0m&amp#27;[32m操作成功&amp#27;[0m                                     &amp#27;[90m# com.gomoku.steps.common_then.CommonThen.operationSuccessful()&amp#27;[0m
  &amp#27;[32mAnd &amp#27;[0m&amp#27;[32m系統發布 WinConditionMet 事件，勝方為黑方&amp#27;[0m             &amp#27;[90m# com.gomoku.steps.game.GameSteps.systemPublishesWinConditionMetBlack()&amp#27;[0m
]]></system-out>
  </testcase>
  <testcase name="棋盤填滿無五連時判和局" classname="後置（狀態）- 棋盤填滿且無人連線即判和局" time="0.032">
    <system-out><![CDATA[2026-06-15T14:58:10.847Z  INFO 91 --- [gomoku] [           main] t.c.s.AnnotationConfigContextLoaderUtils : Could not detect default configuration classes for test class [com.gomoku.cucumber.CucumberSpringConfiguration]: CucumberSpringConfiguration does not declare any static, non-private, non-final, nested classes annotated with @Configuration.
2026-06-15T14:58:10.847Z  INFO 91 --- [gomoku] [           main] .b.t.c.SpringBootTestContextBootstrapper : Found @SpringBootConfiguration com.gomoku.Application for test class com.gomoku.cucumber.CucumberSpringConfiguration

@ignore @command
Example: 棋盤填滿無五連時判和局         &amp#27;[90m# features/game/線上落子.feature:57&amp#27;[0m
  &amp#27;[32mGiven &amp#27;[0m&amp#27;[32m一場線上對局進行中，棋盤為 15×15&amp#27;[0m  &amp#27;[90m# com.gomoku.steps.game.GameSteps.onlineGameInProgress15x15()&amp#27;[0m
  &amp#27;[32mAnd &amp#27;[0m&amp#27;[32m目前輪到黑方&amp#27;[0m                 &amp#27;[90m# com.gomoku.steps.game.GameSteps.currentTurnIsBlack()&amp#27;[0m
  &amp#27;[32mGiven &amp#27;[0m&amp#27;[32m棋盤已落滿 225 子且無任一方達成五連&amp#27;[0m &amp#27;[90m# com.gomoku.steps.game.GameSteps.boardFilledWithoutWinner()&amp#27;[0m
  &amp#27;[32mWhen &amp#27;[0m&amp#27;[32m最後一子落下&amp#27;[0m                &amp#27;[90m# com.gomoku.steps.game.GameSteps.lastStoneIsPlaced()&amp#27;[0m
  &amp#27;[32mThen &amp#27;[0m&amp#27;[32m系統發布 GameDraw 事件&amp#27;[0m      &amp#27;[90m# com.gomoku.steps.game.GameSteps.systemPublishesGameDrawEvent()&amp#27;[0m
  &amp#27;[32mAnd &amp#27;[0m&amp#27;[32m系統發布 GameEnded 事件&amp#27;[0m      &amp#27;[90m# com.gomoku.steps.game.GameSteps.systemPublishesGameEndedEvent()&amp#27;[0m
]]></system-out>
  </testcase>
  <testcase name="開始標準本地遊戲" classname="後置（狀態）- 開始本地遊戲時可選擇是否啟用 Swap2" time="0.022">
    <system-out><![CDATA[2026-06-15T14:58:10.879Z  INFO 91 --- [gomoku] [           main] t.c.s.AnnotationConfigContextLoaderUtils : Could not detect default configuration classes for test class [com.gomoku.cucumber.CucumberSpringConfiguration]: CucumberSpringConfiguration does not declare any static, non-private, non-final, nested classes annotated with @Configuration.
2026-06-15T14:58:10.879Z  INFO 91 --- [gomoku] [           main] .b.t.c.SpringBootTestContextBootstrapper : Found @SpringBootConfiguration com.gomoku.Application for test class com.gomoku.cucumber.CucumberSpringConfiguration

@ignore @command
Example: 開始標準本地遊戲                               &amp#27;[90m# features/game/開始本地遊戲.feature:8&amp#27;[0m
  &amp#27;[32mWhen &amp#27;[0m&amp#27;[32m玩家開始本地遊戲，useSwap2 為 false&amp#27;[0m                &amp#27;[90m# com.gomoku.steps.game.GameSteps.startLocalGameNoSwap2()&amp#27;[0m
  &amp#27;[32mThen &amp#27;[0m&amp#27;[32m操作成功&amp#27;[0m                                     &amp#27;[90m# com.gomoku.steps.common_then.CommonThen.operationSuccessful()&amp#27;[0m
  &amp#27;[32mAnd &amp#27;[0m&amp#27;[32m系統發布 LocalGameStarted 事件，useSwap2 為 false&amp#27;[0m &amp#27;[90m# com.gomoku.steps.game.GameSteps.systemPublishesLocalGameStartedNoSwap2()&amp#27;[0m
  &amp#27;[32mAnd &amp#27;[0m&amp#27;[32m黑方先手開始落子&amp#27;[0m                                  &amp#27;[90m# com.gomoku.steps.game.GameSteps.blackGoesFirst()&amp#27;[0m
]]></system-out>
  </testcase>
  <testcase name="開始啟用 Swap2 的本地遊戲" classname="後置（狀態）- 開始本地遊戲時可選擇是否啟用 Swap2" time="0.021">
    <system-out><![CDATA[2026-06-15T14:58:10.901Z  INFO 91 --- [gomoku] [           main] t.c.s.AnnotationConfigContextLoaderUtils : Could not detect default configuration classes for test class [com.gomoku.cucumber.CucumberSpringConfiguration]: CucumberSpringConfiguration does not declare any static, non-private, non-final, nested classes annotated with @Configuration.
2026-06-15T14:58:10.901Z  INFO 91 --- [gomoku] [           main] .b.t.c.SpringBootTestContextBootstrapper : Found @SpringBootConfiguration com.gomoku.Application for test class com.gomoku.cucumber.CucumberSpringConfiguration

@ignore @command
Example: 開始啟用 Swap2 的本地遊戲                      &amp#27;[90m# features/game/開始本地遊戲.feature:14&amp#27;[0m
  &amp#27;[32mWhen &amp#27;[0m&amp#27;[32m玩家開始本地遊戲，useSwap2 為 true&amp#27;[0m                &amp#27;[90m# com.gomoku.steps.game.GameSteps.startLocalGameWithSwap2Step()&amp#27;[0m
  &amp#27;[32mThen &amp#27;[0m&amp#27;[32m操作成功&amp#27;[0m                                    &amp#27;[90m# com.gomoku.steps.common_then.CommonThen.operationSuccessful()&amp#27;[0m
  &amp#27;[32mAnd &amp#27;[0m&amp#27;[32m系統發布 LocalGameStarted 事件，useSwap2 為 true&amp#27;[0m &amp#27;[90m# com.gomoku.steps.game.GameSteps.systemPublishesLocalGameStartedWithSwap2()&amp#27;[0m
  &amp#27;[32mAnd &amp#27;[0m&amp#27;[32m系統隨機指派一方為假先方&amp#27;[0m                             &amp#27;[90m# com.gomoku.steps.game.GameSteps.systemRandomlyAssignsTentativeFirst()&amp#27;[0m
]]></system-out>
  </testcase>
  <testcase name="對局結束後落子序列被保存" classname="後置（狀態）- 對局結束後保存完整落子序列（含開局 stones）" time="0.045">
    <system-out><![CDATA[2026-06-15T14:58:10.924Z  INFO 91 --- [gomoku] [           main] t.c.s.AnnotationConfigContextLoaderUtils : Could not detect default configuration classes for test class [com.gomoku.cucumber.CucumberSpringConfiguration]: CucumberSpringConfiguration does not declare any static, non-private, non-final, nested classes annotated with @Configuration.
2026-06-15T14:58:10.925Z  INFO 91 --- [gomoku] [           main] .b.t.c.SpringBootTestContextBootstrapper : Found @SpringBootConfiguration com.gomoku.Application for test class com.gomoku.cucumber.CucumberSpringConfiguration

@ignore @query
Example: 對局結束後落子序列被保存            &amp#27;[90m# features/history/查看遊戲歷史與回放.feature:13&amp#27;[0m
  &amp#27;[32mGiven &amp#27;[0m&amp#27;[32m系統中有一場已結束的對局：&amp#27;[0m            &amp#27;[90m# com.gomoku.steps.history.HistorySteps.systemHasFinishedGame(java.util.List<java.util.Map<java.lang.String, java.lang.String>>)&amp#27;[0m
    | gameId | winner | moveCount | useSwap2 |
    | g-001  | alice  | 42        | true     |
  &amp#27;[32mGiven &amp#27;[0m&amp#27;[32m對局 &amp#27;[0m&amp#27;[32m&amp#27;[1m"g-001"&amp#27;[0m&amp#27;[32m 已發布 GameEnded&amp#27;[0m &amp#27;[90m# com.gomoku.steps.history.HistorySteps.gameHasPublishedGameEnded(java.lang.String)&amp#27;[0m
  &amp#27;[32mThen &amp#27;[0m&amp#27;[32m系統保存該局完整落子序列&amp#27;[0m              &amp#27;[90m# com.gomoku.steps.history.HistorySteps.systemSavesCompleteMoveSequence()&amp#27;[0m
  &amp#27;[32mAnd &amp#27;[0m&amp#27;[32m落子序列包含開局 openingStones&amp#27;[0m     &amp#27;[90m# com.gomoku.steps.history.HistorySteps.moveSequenceContainsOpeningStones()&amp#27;[0m
]]></system-out>
  </testcase>
  <testcase name="查詢對局 g-001 取得回放資料" classname="後置（回應）- 查詢歷史對局可取得可重播的完整落子序列" time="0.031">
    <system-out><![CDATA[2026-06-15T14:58:10.969Z  INFO 91 --- [gomoku] [           main] t.c.s.AnnotationConfigContextLoaderUtils : Could not detect default configuration classes for test class [com.gomoku.cucumber.CucumberSpringConfiguration]: CucumberSpringConfiguration does not declare any static, non-private, non-final, nested classes annotated with @Configuration.
2026-06-15T14:58:10.969Z  INFO 91 --- [gomoku] [           main] .b.t.c.SpringBootTestContextBootstrapper : Found @SpringBootConfiguration com.gomoku.Application for test class com.gomoku.cucumber.CucumberSpringConfiguration

@ignore @query
Example: 查詢對局 g-001 取得回放資料        &amp#27;[90m# features/history/查看遊戲歷史與回放.feature:20&amp#27;[0m
  &amp#27;[32mGiven &amp#27;[0m&amp#27;[32m系統中有一場已結束的對局：&amp#27;[0m             &amp#27;[90m# com.gomoku.steps.history.HistorySteps.systemHasFinishedGame(java.util.List<java.util.Map<java.lang.String, java.lang.String>>)&amp#27;[0m
    | gameId | winner | moveCount | useSwap2 |
    | g-001  | alice  | 42        | true     |
  &amp#27;[32mWhen &amp#27;[0m&amp#27;[32m查詢對局 &amp#27;[0m&amp#27;[32m&amp#27;[1m"g-001"&amp#27;[0m&amp#27;[32m 的回放&amp#27;[0m           &amp#27;[90m# com.gomoku.steps.history.HistorySteps.queryGameReplay(java.lang.String)&amp#27;[0m
  &amp#27;[32mThen &amp#27;[0m&amp#27;[32m操作成功&amp#27;[0m                       &amp#27;[90m# com.gomoku.steps.common_then.CommonThen.operationSuccessful()&amp#27;[0m
  &amp#27;[32mAnd &amp#27;[0m&amp#27;[32m查詢結果應包含：&amp#27;[0m                    &amp#27;[90m# com.gomoku.steps.user.UserSteps.queryResultShouldContain(java.util.List<java.util.Map<java.lang.String, java.lang.String>>)&amp#27;[0m
    | gameId | winner | moveCount |
    | g-001  | alice  | 42        |
  &amp#27;[32mAnd &amp#27;[0m&amp#27;[32m回放序列依 moveNumber 排序，開局子可被識別&amp#27;[0m &amp#27;[90m# com.gomoku.steps.history.HistorySteps.replaySequenceOrderedAndOpeningIdentifiable()&amp#27;[0m
]]></system-out>
  </testcase>
  <testcase name="假先方於選擇階段嘗試選擇時遭拒" classname="前置（狀態）- 僅假後方可在選擇階段做出 Swap2 選擇" time="0.28">
    <system-out><![CDATA[2026-06-15T14:58:11.000Z  INFO 91 --- [gomoku] [           main] t.c.s.AnnotationConfigContextLoaderUtils : Could not detect default configuration classes for test class [com.gomoku.cucumber.CucumberSpringConfiguration]: CucumberSpringConfiguration does not declare any static, non-private, non-final, nested classes annotated with @Configuration.
2026-06-15T14:58:11.000Z  INFO 91 --- [gomoku] [           main] .b.t.c.SpringBootTestContextBootstrapper : Found @SpringBootConfiguration com.gomoku.Application for test class com.gomoku.cucumber.CucumberSpringConfiguration

@ignore @command
Example: 假先方於選擇階段嘗試選擇時遭拒         &amp#27;[90m# features/opening/Swap2選擇.feature:13&amp#27;[0m
  &amp#27;[32mGiven &amp#27;[0m&amp#27;[32m假先方已完成標準 Swap2 三子開局&amp#27;[0m      &amp#27;[90m# com.gomoku.steps.opening.OpeningSteps.tentativeFirstCompletedStandardThreeStoneOpening()&amp#27;[0m
  &amp#27;[32mAnd &amp#27;[0m&amp#27;[32m假先方為 &amp#27;[0m&amp#27;[32m&amp#27;[1m"alice"&amp#27;[0m&amp#27;[32m，假後方為 &amp#27;[0m&amp#27;[32m&amp#27;[1m"bob"&amp#27;[0m    &amp#27;[90m# com.gomoku.steps.opening.OpeningSteps.tentativeRolesRecordedChoice(java.lang.String,java.lang.String)&amp#27;[0m
  &amp#27;[32mAnd &amp#27;[0m&amp#27;[32m系統進入假後方選擇階段&amp#27;[0m                &amp#27;[90m# com.gomoku.steps.opening.OpeningSteps.systemEntersChoicePhase()&amp#27;[0m
  &amp#27;[32mWhen &amp#27;[0m&amp#27;[32m假先方 &amp#27;[0m&amp#27;[32m&amp#27;[1m"alice"&amp#27;[0m&amp#27;[32m 嘗試做出 Swap2 選擇&amp#27;[0m &amp#27;[90m# com.gomoku.steps.opening.OpeningSteps.tentativeFirstTriesToMakeSwap2Choice(java.lang.String)&amp#27;[0m
  &amp#27;[32mThen &amp#27;[0m&amp#27;[32m操作失敗，錯誤為 &amp#27;[0m&amp#27;[32m&amp#27;[1m"僅假後方可選擇"&amp#27;[0m        &amp#27;[90m# com.gomoku.steps.common_then.CommonThen.operationFailedWithError(java.lang.String)&amp#27;[0m
]]></system-out>
  </testcase>
  <testcase name="假後方選擇執黑時顏色分配定案" classname="後置（狀態）- 假後方三選一，每個選項依標準規則確定最終黑白與輪次" time="0.267">
    <system-out><![CDATA[2026-06-15T14:58:11.280Z  INFO 91 --- [gomoku] [           main] t.c.s.AnnotationConfigContextLoaderUtils : Could not detect default configuration classes for test class [com.gomoku.cucumber.CucumberSpringConfiguration]: CucumberSpringConfiguration does not declare any static, non-private, non-final, nested classes annotated with @Configuration.
2026-06-15T14:58:11.280Z  INFO 91 --- [gomoku] [           main] .b.t.c.SpringBootTestContextBootstrapper : Found @SpringBootConfiguration com.gomoku.Application for test class com.gomoku.cucumber.CucumberSpringConfiguration

@ignore @command
Example: 假後方選擇執黑時顏色分配定案                &amp#27;[90m# features/opening/Swap2選擇.feature:19&amp#27;[0m
  &amp#27;[32mGiven &amp#27;[0m&amp#27;[32m假先方已完成標準 Swap2 三子開局&amp#27;[0m            &amp#27;[90m# com.gomoku.steps.opening.OpeningSteps.tentativeFirstCompletedStandardThreeStoneOpening()&amp#27;[0m
  &amp#27;[32mAnd &amp#27;[0m&amp#27;[32m假先方為 &amp#27;[0m&amp#27;[32m&amp#27;[1m"alice"&amp#27;[0m&amp#27;[32m，假後方為 &amp#27;[0m&amp#27;[32m&amp#27;[1m"bob"&amp#27;[0m          &amp#27;[90m# com.gomoku.steps.opening.OpeningSteps.tentativeRolesRecordedChoice(java.lang.String,java.lang.String)&amp#27;[0m
  &amp#27;[32mAnd &amp#27;[0m&amp#27;[32m系統進入假後方選擇階段&amp#27;[0m                      &amp#27;[90m# com.gomoku.steps.opening.OpeningSteps.systemEntersChoicePhase()&amp#27;[0m
  &amp#27;[32mWhen &amp#27;[0m&amp#27;[32m假後方 &amp#27;[0m&amp#27;[32m&amp#27;[1m"bob"&amp#27;[0m&amp#27;[32m 選擇 &amp#27;[0m&amp#27;[32m&amp#27;[1m"執黑"&amp#27;[0m               &amp#27;[90m# com.gomoku.steps.opening.OpeningSteps.tentativeSecondMakesSwap2Choice(java.lang.String,java.lang.String)&amp#27;[0m
  &amp#27;[32mThen &amp#27;[0m&amp#27;[32m操作成功&amp#27;[0m                            &amp#27;[90m# com.gomoku.steps.common_then.CommonThen.operationSuccessful()&amp#27;[0m
  &amp#27;[32mAnd &amp#27;[0m&amp#27;[32m系統發布 Swap2ChoiceMade 事件&amp#27;[0m          &amp#27;[90m# com.gomoku.steps.opening.OpeningSteps.systemPublishesSwap2ChoiceMadeEvent()&amp#27;[0m
  &amp#27;[32mAnd &amp#27;[0m&amp#27;[32m假後方 &amp#27;[0m&amp#27;[32m&amp#27;[1m"bob"&amp#27;[0m&amp#27;[32m 最終執黑，&amp#27;[0m&amp#27;[32m&amp#27;[1m"alice"&amp#27;[0m&amp#27;[32m 執白&amp#27;[0m        &amp#27;[90m# com.gomoku.steps.opening.OpeningSteps.tentativeSecondFinallyTakesBlack(java.lang.String,java.lang.String)&amp#27;[0m
  &amp#27;[32mAnd &amp#27;[0m&amp#27;[32m系統發布 ColorAssignmentFinalized 事件&amp#27;[0m &amp#27;[90m# com.gomoku.steps.opening.OpeningSteps.systemPublishesColorAssignmentFinalizedEvent()&amp#27;[0m
  &amp#27;[32mAnd &amp#27;[0m&amp#27;[32m系統發布 OpeningCompleted 事件，輪到白方落子&amp#27;[0m  &amp#27;[90m# com.gomoku.steps.opening.OpeningSteps.systemPublishesOpeningCompletedWithWhiteTurn()&amp#27;[0m
]]></system-out>
  </testcase>
  <testcase name="假後方選擇執白時顏色分配定案" classname="後置（狀態）- 假後方三選一，每個選項依標準規則確定最終黑白與輪次" time="0.263">
    <system-out><![CDATA[2026-06-15T14:58:11.547Z  INFO 91 --- [gomoku] [           main] t.c.s.AnnotationConfigContextLoaderUtils : Could not detect default configuration classes for test class [com.gomoku.cucumber.CucumberSpringConfiguration]: CucumberSpringConfiguration does not declare any static, non-private, non-final, nested classes annotated with @Configuration.
2026-06-15T14:58:11.547Z  INFO 91 --- [gomoku] [           main] .b.t.c.SpringBootTestContextBootstrapper : Found @SpringBootConfiguration com.gomoku.Application for test class com.gomoku.cucumber.CucumberSpringConfiguration

@ignore @command
Example: 假後方選擇執白時顏色分配定案                                   &amp#27;[90m# features/opening/Swap2選擇.feature:27&amp#27;[0m
  &amp#27;[32mGiven &amp#27;[0m&amp#27;[32m假先方已完成標準 Swap2 三子開局&amp#27;[0m                               &amp#27;[90m# com.gomoku.steps.opening.OpeningSteps.tentativeFirstCompletedStandardThreeStoneOpening()&amp#27;[0m
  &amp#27;[32mAnd &amp#27;[0m&amp#27;[32m假先方為 &amp#27;[0m&amp#27;[32m&amp#27;[1m"alice"&amp#27;[0m&amp#27;[32m，假後方為 &amp#27;[0m&amp#27;[32m&amp#27;[1m"bob"&amp#27;[0m                             &amp#27;[90m# com.gomoku.steps.opening.OpeningSteps.tentativeRolesRecordedChoice(java.lang.String,java.lang.String)&amp#27;[0m
  &amp#27;[32mAnd &amp#27;[0m&amp#27;[32m系統進入假後方選擇階段&amp#27;[0m                                         &amp#27;[90m# com.gomoku.steps.opening.OpeningSteps.systemEntersChoicePhase()&amp#27;[0m
  &amp#27;[32mWhen &amp#27;[0m&amp#27;[32m假後方 &amp#27;[0m&amp#27;[32m&amp#27;[1m"bob"&amp#27;[0m&amp#27;[32m 選擇 &amp#27;[0m&amp#27;[32m&amp#27;[1m"執白"&amp#27;[0m                                  &amp#27;[90m# com.gomoku.steps.opening.OpeningSteps.tentativeSecondMakesSwap2Choice(java.lang.String,java.lang.String)&amp#27;[0m
  &amp#27;[32mThen &amp#27;[0m&amp#27;[32m操作成功&amp#27;[0m                                               &amp#27;[90m# com.gomoku.steps.common_then.CommonThen.operationSuccessful()&amp#27;[0m
  &amp#27;[32mAnd &amp#27;[0m&amp#27;[32m假後方 &amp#27;[0m&amp#27;[32m&amp#27;[1m"bob"&amp#27;[0m&amp#27;[32m 最終執白，&amp#27;[0m&amp#27;[32m&amp#27;[1m"alice"&amp#27;[0m&amp#27;[32m 執黑&amp#27;[0m                           &amp#27;[90m# com.gomoku.steps.opening.OpeningSteps.tentativeSecondFinallyTakesWhite(java.lang.String,java.lang.String)&amp#27;[0m
  &amp#27;[32mAnd &amp#27;[0m&amp#27;[32m系統發布 ColorAssignmentFinalized 與 OpeningCompleted 事件&amp#27;[0m &amp#27;[90m# com.gomoku.steps.opening.OpeningSteps.systemPublishesColorFinalizedAndOpeningCompleted()&amp#27;[0m
]]></system-out>
  </testcase>
  <testcase name="假後方選擇放第四五子轉嫁選擇權時進入二階段" classname="後置（狀態）- 假後方三選一，每個選項依標準規則確定最終黑白與輪次" time="0.274">
    <system-out><![CDATA[2026-06-15T14:58:11.810Z  INFO 91 --- [gomoku] [           main] t.c.s.AnnotationConfigContextLoaderUtils : Could not detect default configuration classes for test class [com.gomoku.cucumber.CucumberSpringConfiguration]: CucumberSpringConfiguration does not declare any static, non-private, non-final, nested classes annotated with @Configuration.
2026-06-15T14:58:11.810Z  INFO 91 --- [gomoku] [           main] .b.t.c.SpringBootTestContextBootstrapper : Found @SpringBootConfiguration com.gomoku.Application for test class com.gomoku.cucumber.CucumberSpringConfiguration

@ignore @command
Example: 假後方選擇放第四五子轉嫁選擇權時進入二階段        &amp#27;[90m# features/opening/Swap2選擇.feature:33&amp#27;[0m
  &amp#27;[32mGiven &amp#27;[0m&amp#27;[32m假先方已完成標準 Swap2 三子開局&amp#27;[0m           &amp#27;[90m# com.gomoku.steps.opening.OpeningSteps.tentativeFirstCompletedStandardThreeStoneOpening()&amp#27;[0m
  &amp#27;[32mAnd &amp#27;[0m&amp#27;[32m假先方為 &amp#27;[0m&amp#27;[32m&amp#27;[1m"alice"&amp#27;[0m&amp#27;[32m，假後方為 &amp#27;[0m&amp#27;[32m&amp#27;[1m"bob"&amp#27;[0m         &amp#27;[90m# com.gomoku.steps.opening.OpeningSteps.tentativeRolesRecordedChoice(java.lang.String,java.lang.String)&amp#27;[0m
  &amp#27;[32mAnd &amp#27;[0m&amp#27;[32m系統進入假後方選擇階段&amp#27;[0m                     &amp#27;[90m# com.gomoku.steps.opening.OpeningSteps.systemEntersChoicePhase()&amp#27;[0m
  &amp#27;[32mWhen &amp#27;[0m&amp#27;[32m假後方 &amp#27;[0m&amp#27;[32m&amp#27;[1m"bob"&amp#27;[0m&amp#27;[32m 選擇 &amp#27;[0m&amp#27;[32m&amp#27;[1m"放置第四、五子(再由對手選色)"&amp#27;[0m &amp#27;[90m# com.gomoku.steps.opening.OpeningSteps.tentativeSecondMakesSwap2Choice(java.lang.String,java.lang.String)&amp#27;[0m
  &amp#27;[32mThen &amp#27;[0m&amp#27;[32m操作成功&amp#27;[0m                           &amp#27;[90m# com.gomoku.steps.common_then.CommonThen.operationSuccessful()&amp#27;[0m
  &amp#27;[32mAnd &amp#27;[0m&amp#27;[32m假後方 &amp#27;[0m&amp#27;[32m&amp#27;[1m"bob"&amp#27;[0m&amp#27;[32m 放置一白一黑兩顆子&amp#27;[0m             &amp#27;[90m# com.gomoku.steps.opening.OpeningSteps.tentativeSecondPlacesTwoAdditionalStones(java.lang.String)&amp#27;[0m
  &amp#27;[32mAnd &amp#27;[0m&amp#27;[32m選色權轉回假先方 &amp#27;[0m&amp#27;[32m&amp#27;[1m"alice"&amp#27;[0m                &amp#27;[90m# com.gomoku.steps.opening.OpeningSteps.colorChoiceTransferredBackToTentativeFirst(java.lang.String)&amp#27;[0m
]]></system-out>
  </testcase>
  <testcase name="假後方於開局階段嘗試放置時遭拒" classname="前置（狀態）- 開局階段僅假先方可放置，假後方僅能觀看" time="0.246">
    <system-out><![CDATA[2026-06-15T14:58:12.084Z  INFO 91 --- [gomoku] [           main] t.c.s.AnnotationConfigContextLoaderUtils : Could not detect default configuration classes for test class [com.gomoku.cucumber.CucumberSpringConfiguration]: CucumberSpringConfiguration does not declare any static, non-private, non-final, nested classes annotated with @Configuration.
2026-06-15T14:58:12.084Z  INFO 91 --- [gomoku] [           main] .b.t.c.SpringBootTestContextBootstrapper : Found @SpringBootConfiguration com.gomoku.Application for test class com.gomoku.cucumber.CucumberSpringConfiguration

@ignore @command
Example: 假後方於開局階段嘗試放置時遭拒           &amp#27;[90m# features/opening/Swap2開局放置.feature:13&amp#27;[0m
  &amp#27;[32mGiven &amp#27;[0m&amp#27;[32m一場 Swap2 模式對局已完成投擲硬幣&amp#27;[0m       &amp#27;[90m# com.gomoku.steps.opening.OpeningSteps.swap2GameCoinTossCompleted()&amp#27;[0m
  &amp#27;[32mAnd &amp#27;[0m&amp#27;[32m假先方為玩家 &amp#27;[0m&amp#27;[32m&amp#27;[1m"alice"&amp#27;[0m&amp#27;[32m，假後方為玩家 &amp#27;[0m&amp#27;[32m&amp#27;[1m"bob"&amp#27;[0m  &amp#27;[90m# com.gomoku.steps.opening.OpeningSteps.tentativeRolesAssigned(java.lang.String,java.lang.String)&amp#27;[0m
  &amp#27;[32mAnd &amp#27;[0m&amp#27;[32m開局階段已開始（Swap2OpeningStarted）&amp#27;[0m &amp#27;[90m# com.gomoku.steps.opening.OpeningSteps.openingPhaseStarted()&amp#27;[0m
  &amp#27;[32mWhen &amp#27;[0m&amp#27;[32m假後方 &amp#27;[0m&amp#27;[32m&amp#27;[1m"bob"&amp#27;[0m&amp#27;[32m 嘗試放置開局子&amp#27;[0m           &amp#27;[90m# com.gomoku.steps.opening.OpeningSteps.tentativeSecondTriesToPlaceOpeningStone(java.lang.String)&amp#27;[0m
  &amp#27;[32mThen &amp#27;[0m&amp#27;[32m操作失敗，錯誤為 &amp#27;[0m&amp#27;[32m&amp#27;[1m"開局階段僅假先方可放置"&amp#27;[0m      &amp#27;[90m# com.gomoku.steps.common_then.CommonThen.operationFailedWithError(java.lang.String)&amp#27;[0m
]]></system-out>
  </testcase>
  <testcase name="假先方放置第一顆開局子後同步雙方" classname="後置（狀態）- 假先方依標準 Swap2 放置三子（黑·白·黑），每子確認並同步雙方" time="0.256">
    <system-out><![CDATA[2026-06-15T14:58:12.329Z  INFO 91 --- [gomoku] [           main] t.c.s.AnnotationConfigContextLoaderUtils : Could not detect default configuration classes for test class [com.gomoku.cucumber.CucumberSpringConfiguration]: CucumberSpringConfiguration does not declare any static, non-private, non-final, nested classes annotated with @Configuration.
2026-06-15T14:58:12.330Z  INFO 91 --- [gomoku] [           main] .b.t.c.SpringBootTestContextBootstrapper : Found @SpringBootConfiguration com.gomoku.Application for test class com.gomoku.cucumber.CucumberSpringConfiguration

@ignore @command
Example: 假先方放置第一顆開局子後同步雙方            &amp#27;[90m# features/opening/Swap2開局放置.feature:19&amp#27;[0m
  &amp#27;[32mGiven &amp#27;[0m&amp#27;[32m一場 Swap2 模式對局已完成投擲硬幣&amp#27;[0m         &amp#27;[90m# com.gomoku.steps.opening.OpeningSteps.swap2GameCoinTossCompleted()&amp#27;[0m
  &amp#27;[32mAnd &amp#27;[0m&amp#27;[32m假先方為玩家 &amp#27;[0m&amp#27;[32m&amp#27;[1m"alice"&amp#27;[0m&amp#27;[32m，假後方為玩家 &amp#27;[0m&amp#27;[32m&amp#27;[1m"bob"&amp#27;[0m    &amp#27;[90m# com.gomoku.steps.opening.OpeningSteps.tentativeRolesAssigned(java.lang.String,java.lang.String)&amp#27;[0m
  &amp#27;[32mAnd &amp#27;[0m&amp#27;[32m開局階段已開始（Swap2OpeningStarted）&amp#27;[0m   &amp#27;[90m# com.gomoku.steps.opening.OpeningSteps.openingPhaseStarted()&amp#27;[0m
  &amp#27;[32mWhen &amp#27;[0m&amp#27;[32m假先方 &amp#27;[0m&amp#27;[32m&amp#27;[1m"alice"&amp#27;[0m&amp#27;[32m 放置開局黑子於 (&amp#27;[0m&amp#27;[32m&amp#27;[1m7&amp#27;[0m&amp#27;[32m,&amp#27;[0m&amp#27;[32m&amp#27;[1m7&amp#27;[0m&amp#27;[32m) 並確認&amp#27;[0m &amp#27;[90m# com.gomoku.steps.opening.OpeningSteps.tentativeFirstPlacesBlackOpeningStone(java.lang.String,int,int)&amp#27;[0m
  &amp#27;[32mThen &amp#27;[0m&amp#27;[32m操作成功&amp#27;[0m                          &amp#27;[90m# com.gomoku.steps.common_then.CommonThen.operationSuccessful()&amp#27;[0m
  &amp#27;[32mAnd &amp#27;[0m&amp#27;[32m系統發布 OpeningStonePlaced 事件&amp#27;[0m     &amp#27;[90m# com.gomoku.steps.opening.OpeningSteps.systemPublishesOpeningStonePlacedEvent()&amp#27;[0m
  &amp#27;[32mAnd &amp#27;[0m&amp#27;[32m該開局子記錄於 openingStones&amp#27;[0m          &amp#27;[90m# com.gomoku.steps.opening.OpeningSteps.openingStoneRecordedInOpeningStones()&amp#27;[0m
  &amp#27;[32mAnd &amp#27;[0m&amp#27;[32m雙方畫面同步顯示落子動畫&amp#27;[0m                   &amp#27;[90m# com.gomoku.steps.opening.OpeningSteps.bothPlayersReceiveStonePlacedAnimation()&amp#27;[0m
]]></system-out>
  </testcase>
  <testcase name="假先方完成三子開局後進入假後方選擇" classname="後置（狀態）- 假先方依標準 Swap2 放置三子（黑·白·黑），每子確認並同步雙方" time="0.268">
    <system-out><![CDATA[2026-06-15T14:58:12.586Z  INFO 91 --- [gomoku] [           main] t.c.s.AnnotationConfigContextLoaderUtils : Could not detect default configuration classes for test class [com.gomoku.cucumber.CucumberSpringConfiguration]: CucumberSpringConfiguration does not declare any static, non-private, non-final, nested classes annotated with @Configuration.
2026-06-15T14:58:12.586Z  INFO 91 --- [gomoku] [           main] .b.t.c.SpringBootTestContextBootstrapper : Found @SpringBootConfiguration com.gomoku.Application for test class com.gomoku.cucumber.CucumberSpringConfiguration

@ignore @command
Example: 假先方完成三子開局後進入假後方選擇              &amp#27;[90m# features/opening/Swap2開局放置.feature:26&amp#27;[0m
  &amp#27;[32mGiven &amp#27;[0m&amp#27;[32m一場 Swap2 模式對局已完成投擲硬幣&amp#27;[0m            &amp#27;[90m# com.gomoku.steps.opening.OpeningSteps.swap2GameCoinTossCompleted()&amp#27;[0m
  &amp#27;[32mAnd &amp#27;[0m&amp#27;[32m假先方為玩家 &amp#27;[0m&amp#27;[32m&amp#27;[1m"alice"&amp#27;[0m&amp#27;[32m，假後方為玩家 &amp#27;[0m&amp#27;[32m&amp#27;[1m"bob"&amp#27;[0m       &amp#27;[90m# com.gomoku.steps.opening.OpeningSteps.tentativeRolesAssigned(java.lang.String,java.lang.String)&amp#27;[0m
  &amp#27;[32mAnd &amp#27;[0m&amp#27;[32m開局階段已開始（Swap2OpeningStarted）&amp#27;[0m      &amp#27;[90m# com.gomoku.steps.opening.OpeningSteps.openingPhaseStarted()&amp#27;[0m
  &amp#27;[32mGiven &amp#27;[0m&amp#27;[32m假先方已放置開局子 (&amp#27;[0m&amp#27;[32m&amp#27;[1m7&amp#27;[0m&amp#27;[32m,&amp#27;[0m&amp#27;[32m&amp#27;[1m7&amp#27;[0m&amp#27;[32m)黑 與 (&amp#27;[0m&amp#27;[32m&amp#27;[1m7&amp#27;[0m&amp#27;[32m,&amp#27;[0m&amp#27;[32m&amp#27;[1m8&amp#27;[0m&amp#27;[32m)白&amp#27;[0m       &amp#27;[90m# com.gomoku.steps.opening.OpeningSteps.tentativeFirstHasPlacedTwoOpeningStones(int,int,int,int)&amp#27;[0m
  &amp#27;[32mWhen &amp#27;[0m&amp#27;[32m假先方 &amp#27;[0m&amp#27;[32m&amp#27;[1m"alice"&amp#27;[0m&amp#27;[32m 放置第三顆開局黑子於 (&amp#27;[0m&amp#27;[32m&amp#27;[1m8&amp#27;[0m&amp#27;[32m,&amp#27;[0m&amp#27;[32m&amp#27;[1m8&amp#27;[0m&amp#27;[32m) 並確認&amp#27;[0m &amp#27;[90m# com.gomoku.steps.opening.OpeningSteps.tentativeFirstPlacesThirdBlackOpeningStone(java.lang.String,int,int)&amp#27;[0m
  &amp#27;[32mThen &amp#27;[0m&amp#27;[32m操作成功&amp#27;[0m                             &amp#27;[90m# com.gomoku.steps.common_then.CommonThen.operationSuccessful()&amp#27;[0m
  &amp#27;[32mAnd &amp#27;[0m&amp#27;[32m開局放置階段結束&amp#27;[0m                          &amp#27;[90m# com.gomoku.steps.opening.OpeningSteps.openingPlacementPhaseEnded()&amp#27;[0m
  &amp#27;[32mAnd &amp#27;[0m&amp#27;[32m進入假後方 Swap2 選擇階段&amp#27;[0m                  &amp#27;[90m# com.gomoku.steps.opening.OpeningSteps.entersTentativeSecondChoicePhase()&amp#27;[0m
]]></system-out>
  </testcase>
  <testcase name="悔最後一子後該子被移除" classname="前置（狀態）- 開局階段僅允許悔「最後放置的一子」" time="0.269">
    <system-out><![CDATA[2026-06-15T14:58:12.853Z  INFO 91 --- [gomoku] [           main] t.c.s.AnnotationConfigContextLoaderUtils : Could not detect default configuration classes for test class [com.gomoku.cucumber.CucumberSpringConfiguration]: CucumberSpringConfiguration does not declare any static, non-private, non-final, nested classes annotated with @Configuration.
[...]
    | alice    | P@ssw0rd1 |
  &amp#27;[32mWhen &amp#27;[0m&amp#27;[32m玩家以 username &amp#27;[0m&amp#27;[32m&amp#27;[1m"alice"&amp#27;[0m&amp#27;[32m 與密碼 &amp#27;[0m&amp#27;[32m&amp#27;[1m"P@ssw0rd1"&amp#27;[0m&amp#27;[32m 登入&amp#27;[0m &amp#27;[90m# com.gomoku.steps.user.UserSteps.playerLogsInWithUsernameAndPassword(java.lang.String,java.lang.String)&amp#27;[0m
  &amp#27;[32mThen &amp#27;[0m&amp#27;[32m操作成功&amp#27;[0m                                    &amp#27;[90m# com.gomoku.steps.common_then.CommonThen.operationSuccessful()&amp#27;[0m
  &amp#27;[32mAnd &amp#27;[0m&amp#27;[32m回應包含一個 JWT token&amp#27;[0m                         &amp#27;[90m# com.gomoku.steps.user.UserSteps.responseContainsJwtToken()&amp#27;[0m
  &amp#27;[32mAnd &amp#27;[0m&amp#27;[32m系統發布 PlayerLoggedIn 事件&amp#27;[0m                   &amp#27;[90m# com.gomoku.steps.user.UserSteps.systemPublishesPlayerLoggedInEvent()&amp#27;[0m
]]></system-out>
  </testcase>
  <testcase name="未輸入暱稱進入訪客模式時操作失敗" classname="前置（參數）- 訪客必須提供非空暱稱" time="0.035">
    <system-out><![CDATA[2026-06-15T14:58:19.575Z  INFO 91 --- [gomoku] [           main] t.c.s.AnnotationConfigContextLoaderUtils : Could not detect default configuration classes for test class [com.gomoku.cucumber.CucumberSpringConfiguration]: CucumberSpringConfiguration does not declare any static, non-private, non-final, nested classes annotated with @Configuration.
2026-06-15T14:58:19.576Z  INFO 91 --- [gomoku] [           main] .b.t.c.SpringBootTestContextBootstrapper : Found @SpringBootConfiguration com.gomoku.Application for test class com.gomoku.cucumber.CucumberSpringConfiguration

@ignore @command
Example: 未輸入暱稱進入訪客模式時操作失敗 &amp#27;[90m# features/user/訪客模式進入.feature:7&amp#27;[0m
  &amp#27;[32mWhen &amp#27;[0m&amp#27;[32m訪客以暱稱 &amp#27;[0m&amp#27;[32m&amp#27;[1m""&amp#27;[0m&amp#27;[32m 進入&amp#27;[0m        &amp#27;[90m# com.gomoku.steps.user.UserSteps.guestEntersWithNickname(java.lang.String)&amp#27;[0m
  &amp#27;[32mThen &amp#27;[0m&amp#27;[32m操作失敗，錯誤為 &amp#27;[0m&amp#27;[32m&amp#27;[1m"請輸入暱稱"&amp#27;[0m   &amp#27;[90m# com.gomoku.steps.common_then.CommonThen.operationFailedWithError(java.lang.String)&amp#27;[0m
]]></system-out>
  </testcase>
  <testcase name="以暱稱進入後建立臨時身份" classname="後置（狀態）- 訪客進入後建立臨時玩家身份（不建立持久帳號）" time="0.027">
    <system-out><![CDATA[2026-06-15T14:58:19.610Z  INFO 91 --- [gomoku] [           main] t.c.s.AnnotationConfigContextLoaderUtils : Could not detect default configuration classes for test class [com.gomoku.cucumber.CucumberSpringConfiguration]: CucumberSpringConfiguration does not declare any static, non-private, non-final, nested classes annotated with @Configuration.
2026-06-15T14:58:19.610Z  INFO 91 --- [gomoku] [           main] .b.t.c.SpringBootTestContextBootstrapper : Found @SpringBootConfiguration com.gomoku.Application for test class com.gomoku.cucumber.CucumberSpringConfiguration

@ignore @command
Example: 以暱稱進入後建立臨時身份        &amp#27;[90m# features/user/訪客模式進入.feature:13&amp#27;[0m
  &amp#27;[32mWhen &amp#27;[0m&amp#27;[32m訪客以暱稱 &amp#27;[0m&amp#27;[32m&amp#27;[1m"路人甲"&amp#27;[0m&amp#27;[32m 進入&amp#27;[0m        &amp#27;[90m# com.gomoku.steps.user.UserSteps.guestEntersWithNickname(java.lang.String)&amp#27;[0m
  &amp#27;[32mThen &amp#27;[0m&amp#27;[32m操作成功&amp#27;[0m                  &amp#27;[90m# com.gomoku.steps.common_then.CommonThen.operationSuccessful()&amp#27;[0m
  &amp#27;[32mAnd &amp#27;[0m&amp#27;[32m系統建立一個臨時玩家身份，暱稱為 &amp#27;[0m&amp#27;[32m&amp#27;[1m"路人甲"&amp#27;[0m &amp#27;[90m# com.gomoku.steps.user.UserSteps.systemCreatesTemporaryIdentityWithNickname(java.lang.String)&amp#27;[0m
  &amp#27;[32mAnd &amp#27;[0m&amp#27;[32m該身份不寫入持久帳號資料表&amp#27;[0m          &amp#27;[90m# com.gomoku.steps.user.UserSteps.identityNotPersistedInAccountTable()&amp#27;[0m
]]></system-out>
  </testcase>
  <testcase name="訪客完成線上單場後不產生戰績紀錄" classname="後置（狀態）- 訪客線上遊玩僅限單場，不累積戰績" time="0.04">
    <system-out><![CDATA[2026-06-15T14:58:19.637Z  INFO 91 --- [gomoku] [           main] t.c.s.AnnotationConfigContextLoaderUtils : Could not detect default configuration classes for test class [com.gomoku.cucumber.CucumberSpringConfiguration]: CucumberSpringConfiguration does not declare any static, non-private, non-final, nested classes annotated with @Configuration.
2026-06-15T14:58:19.637Z  INFO 91 --- [gomoku] [           main] .b.t.c.SpringBootTestContextBootstrapper : Found @SpringBootConfiguration com.gomoku.Application for test class com.gomoku.cucumber.CucumberSpringConfiguration

@ignore @command
Example: 訪客完成線上單場後不產生戰績紀錄     &amp#27;[90m# features/user/訪客模式進入.feature:21&amp#27;[0m
  &amp#27;[32mGiven &amp#27;[0m&amp#27;[32m暱稱為 &amp#27;[0m&amp#27;[32m&amp#27;[1m"路人甲"&amp#27;[0m&amp#27;[32m 的訪客完成一場線上對局&amp#27;[0m &amp#27;[90m# com.gomoku.steps.user.UserSteps.guestCompletedOnlineGame(java.lang.String)&amp#27;[0m
  &amp#27;[32mThen &amp#27;[0m&amp#27;[32m系統不為該訪客累積勝敗場或排行榜資料&amp#27;[0m     &amp#27;[90m# com.gomoku.steps.user.UserSteps.systemDoesNotAccumulateStatsForGuest()&amp#27;[0m
]]></system-out>
  </testcase>
  <testcase name="訪客線上單場結束後無法直接再戰同對手" classname="後置（狀態）- 訪客線上單場結束後不可直接再戰，須重新輸入暱稱進新局" time="0.027">
    <system-out><![CDATA[2026-06-15T14:58:19.677Z  INFO 91 --- [gomoku] [           main] t.c.s.AnnotationConfigContextLoaderUtils : Could not detect default configuration classes for test class [com.gomoku.cucumber.CucumberSpringConfiguration]: CucumberSpringConfiguration does not declare any static, non-private, non-final, nested classes annotated with @Configuration.
2026-06-15T14:58:19.678Z  INFO 91 --- [gomoku] [           main] .b.t.c.SpringBootTestContextBootstrapper : Found @SpringBootConfiguration com.gomoku.Application for test class com.gomoku.cucumber.CucumberSpringConfiguration

@ignore @command
Example: 訪客線上單場結束後無法直接再戰同對手   &amp#27;[90m# features/user/訪客模式進入.feature:27&amp#27;[0m
  &amp#27;[32mGiven &amp#27;[0m&amp#27;[32m暱稱為 &amp#27;[0m&amp#27;[32m&amp#27;[1m"路人甲"&amp#27;[0m&amp#27;[32m 的訪客完成一場線上對局&amp#27;[0m &amp#27;[90m# com.gomoku.steps.user.UserSteps.guestCompletedOnlineGame(java.lang.String)&amp#27;[0m
  &amp#27;[32mThen &amp#27;[0m&amp#27;[32m系統不提供「直接再戰」選項給該訪客&amp#27;[0m      &amp#27;[90m# com.gomoku.steps.user.UserSteps.systemDoesNotProvideRematchForGuest()&amp#27;[0m
  &amp#27;[32mAnd &amp#27;[0m&amp#27;[32m系統要求訪客重新輸入暱稱才能進入新的線上對局&amp#27;[0m  &amp#27;[90m# com.gomoku.steps.user.UserSteps.systemRequiresGuestToReenterNickname()&amp#27;[0m
  &amp#27;[32mAnd &amp#27;[0m&amp#27;[32m結束畫面顯示「強烈建議註冊」提示&amp#27;[0m        &amp#27;[90m# com.gomoku.steps.user.UserSteps.endScreenShowsRegistrationHint()&amp#27;[0m
]]></system-out>
  </testcase>
  <testcase name="使用已存在的 username 註冊時操作失敗" classname="前置（參數）- username 必須唯一" time="0.147">
    <system-out><![CDATA[2026-06-15T14:58:19.705Z  INFO 91 --- [gomoku] [           main] t.c.s.AnnotationConfigContextLoaderUtils : Could not detect default configuration classes for test class [com.gomoku.cucumber.CucumberSpringConfiguration]: CucumberSpringConfiguration does not declare any static, non-private, non-final, nested classes annotated with @Configuration.
2026-06-15T14:58:19.705Z  INFO 91 --- [gomoku] [           main] .b.t.c.SpringBootTestContextBootstrapper : Found @SpringBootConfiguration com.gomoku.Application for test class com.gomoku.cucumber.CucumberSpringConfiguration

@ignore @command
Example: 使用已存在的 username 註冊時操作失敗                         &amp#27;[90m# features/user/註冊帳號.feature:13&amp#27;[0m
  &amp#27;[32mGiven &amp#27;[0m&amp#27;[32m系統中已存在以下玩家：&amp#27;[0m                                      &amp#27;[90m# com.gomoku.steps.common_given.CommonGiven.systemHasPlayers(java.util.List<java.util.Map<java.lang.String, java.lang.String>>)&amp#27;[0m
    | username | email             |
    | alice    | alice@example.com |
  &amp#27;[32mWhen &amp#27;[0m&amp#27;[32m訪客以 username &amp#27;[0m&amp#27;[32m&amp#27;[1m"alice"&amp#27;[0m&amp#27;[32m 與 email &amp#27;[0m&amp#27;[32m&amp#27;[1m"new@example.com"&amp#27;[0m&amp#27;[32m 註冊&amp#27;[0m &amp#27;[90m# com.gomoku.steps.user.UserSteps.guestRegistersWithUsernameAndEmail(java.lang.String,java.lang.String)&amp#27;[0m
  &amp#27;[32mThen &amp#27;[0m&amp#27;[32m操作失敗，錯誤為 &amp#27;[0m&amp#27;[32m&amp#27;[1m"username 已被使用"&amp#27;[0m                          &amp#27;[90m# com.gomoku.steps.common_then.CommonThen.operationFailedWithError(java.lang.String)&amp#27;[0m
]]></system-out>
  </testcase>
  <testcase name="使用已存在的 email 註冊時操作失敗" classname="前置（參數）- email 必須唯一且格式合法" time="0.16">
    <system-out><![CDATA[2026-06-15T14:58:19.852Z  INFO 91 --- [gomoku] [           main] t.c.s.AnnotationConfigContextLoaderUtils : Could not detect default configuration classes for test class [com.gomoku.cucumber.CucumberSpringConfiguration]: CucumberSpringConfiguration does not declare any static, non-private, non-final, nested classes annotated with @Configuration.
2026-06-15T14:58:19.852Z  INFO 91 --- [gomoku] [           main] .b.t.c.SpringBootTestContextBootstrapper : Found @SpringBootConfiguration com.gomoku.Application for test class com.gomoku.cucumber.CucumberSpringConfiguration

@ignore @command
Example: 使用已存在的 email 註冊時操作失敗                            &amp#27;[90m# features/user/註冊帳號.feature:19&amp#27;[0m
  &amp#27;[32mGiven &amp#27;[0m&amp#27;[32m系統中已存在以下玩家：&amp#27;[0m                                      &amp#27;[90m# com.gomoku.steps.common_given.CommonGiven.systemHasPlayers(java.util.List<java.util.Map<java.lang.String, java.lang.String>>)&amp#27;[0m
    | username | email             |
    | alice    | alice@example.com |
  &amp#27;[32mWhen &amp#27;[0m&amp#27;[32m訪客以 username &amp#27;[0m&amp#27;[32m&amp#27;[1m"bob"&amp#27;[0m&amp#27;[32m 與 email &amp#27;[0m&amp#27;[32m&amp#27;[1m"alice@example.com"&amp#27;[0m&amp#27;[32m 註冊&amp#27;[0m &amp#27;[90m# com.gomoku.steps.user.UserSteps.guestRegistersWithUsernameAndEmail(java.lang.String,java.lang.String)&amp#27;[0m
  &amp#27;[32mThen &amp#27;[0m&amp#27;[32m操作失敗，錯誤為 &amp#27;[0m&amp#27;[32m&amp#27;[1m"email 已被註冊"&amp#27;[0m                             &amp#27;[90m# com.gomoku.steps.common_then.CommonThen.operationFailedWithError(java.lang.String)&amp#27;[0m
]]></system-out>
  </testcase>
  <testcase name="使用格式不合法的 email 註冊時操作失敗" classname="前置（參數）- email 必須唯一且格式合法" time="0.134">
    <system-out><![CDATA[2026-06-15T14:58:20.011Z  INFO 91 --- [gomoku] [           main] t.c.s.AnnotationConfigContextLoaderUtils : Could not detect default configuration classes for test class [com.gomoku.cucumber.CucumberSpringConfiguration]: CucumberSpringConfiguration does not declare any static, non-private, non-final, nested classes annotated with @Configuration.
2026-06-15T14:58:20.012Z  INFO 91 --- [gomoku] [           main] .b.t.c.SpringBootTestContextBootstrapper : Found @SpringBootConfiguration com.gomoku.Application for test class com.gomoku.cucumber.CucumberSpringConfiguration

@ignore @command
Example: 使用格式不合法的 email 註冊時操作失敗                     &amp#27;[90m# features/user/註冊帳號.feature:23&amp#27;[0m
  &amp#27;[32mGiven &amp#27;[0m&amp#27;[32m系統中已存在以下玩家：&amp#27;[0m                                 &amp#27;[90m# com.gomoku.steps.common_given.CommonGiven.systemHasPlayers(java.util.List<java.util.Map<java.lang.String, java.lang.String>>)&amp#27;[0m
    | username | email             |
    | alice    | alice@example.com |
  &amp#27;[32mWhen &amp#27;[0m&amp#27;[32m訪客以 username &amp#27;[0m&amp#27;[32m&amp#27;[1m"bob"&amp#27;[0m&amp#27;[32m 與 email &amp#27;[0m&amp#27;[32m&amp#27;[1m"not-an-email"&amp#27;[0m&amp#27;[32m 註冊&amp#27;[0m &amp#27;[90m# com.gomoku.steps.user.UserSteps.guestRegistersWithUsernameAndEmail(java.lang.String,java.lang.String)&amp#27;[0m
  &amp#27;[32mThen &amp#27;[0m&amp#27;[32m操作失敗，錯誤為 &amp#27;[0m&amp#27;[32m&amp#27;[1m"email 格式不正確"&amp#27;[0m                       &amp#27;[90m# com.gomoku.steps.common_then.CommonThen.operationFailedWithError(java.lang.String)&amp#27;[0m
]]></system-out>
  </testcase>
  <testcase name="密碼少於 8 碼註冊時操作失敗" classname="前置（參數）- 密碼至少 8 碼且須同時含英文小寫字母與數字" time="0.144">
    <system-out><![CDATA[2026-06-15T14:58:20.146Z  INFO 91 --- [gomoku] [           main] t.c.s.AnnotationConfigContextLoaderUtils : Could not detect default configuration classes for test class [com.gomoku.cucumber.CucumberSpringConfiguration]: CucumberSpringConfiguration does not declare any static, non-private, non-final, nested classes annotated with @Configuration.
2026-06-15T14:58:20.146Z  INFO 91 --- [gomoku] [           main] .b.t.c.SpringBootTestContextBootstrapper : Found @SpringBootConfiguration com.gomoku.Application for test class com.gomoku.cucumber.CucumberSpringConfiguration

@ignore @command
Example: 密碼少於 8 碼註冊時操作失敗                                              &amp#27;[90m# features/user/註冊帳號.feature:29&amp#27;[0m
  &amp#27;[32mGiven &amp#27;[0m&amp#27;[32m系統中已存在以下玩家：&amp#27;[0m                                                   &amp#27;[90m# com.gomoku.steps.common_given.CommonGiven.systemHasPlayers(java.util.List<java.util.Map<java.lang.String, java.lang.String>>)&amp#27;[0m
    | username | email             |
    | alice    | alice@example.com |
  &amp#27;[32mWhen &amp#27;[0m&amp#27;[32m訪客以 username &amp#27;[0m&amp#27;[32m&amp#27;[1m"carol"&amp#27;[0m&amp#27;[32m 與 email &amp#27;[0m&amp#27;[32m&amp#27;[1m"carol@example.com"&amp#27;[0m&amp#27;[32m 與密碼 &amp#27;[0m&amp#27;[32m&amp#27;[1m"ab12"&amp#27;[0m&amp#27;[32m 註冊&amp#27;[0m &amp#27;[90m# com.gomoku.steps.user.UserSteps.guestRegistersWithUsernameEmailPassword(java.lang.String,java.lang.String,java.lang.String)&amp#27;[0m
  &amp#27;[32mThen &amp#27;[0m&amp#27;[32m操作失敗，錯誤為 &amp#27;[0m&amp#27;[32m&amp#27;[1m"密碼至少需 8 碼"&amp#27;[0m                                           &amp#27;[90m# com.gomoku.steps.common_then.CommonThen.operationFailedWithError(java.lang.String)&amp#27;[0m
]]></system-out>
  </testcase>
  <testcase name="密碼缺少數字註冊時操作失敗" classname="前置（參數）- 密碼至少 8 碼且須同時含英文小寫字母與數字" time="0.146">
    <system-out><![CDATA[2026-06-15T14:58:20.289Z  INFO 91 --- [gomoku] [           main] t.c.s.AnnotationConfigContextLoaderUtils : Could not detect default configuration classes for test class [com.gomoku.cucumber.CucumberSpringConfiguration]: CucumberSpringConfiguration does not declare any static, non-private, non-final, nested classes annotated with @Configuration.
2026-06-15T14:58:20.290Z  INFO 91 --- [gomoku] [           main] .b.t.c.SpringBootTestContextBootstrapper : Found @SpringBootConfiguration com.gomoku.Application for test class com.gomoku.cucumber.CucumberSpringConfiguration

@ignore @command
Example: 密碼缺少數字註冊時操作失敗                                                    &amp#27;[90m# features/user/註冊帳號.feature:33&amp#27;[0m
  &amp#27;[32mGiven &amp#27;[0m&amp#27;[32m系統中已存在以下玩家：&amp#27;[0m                                                       &amp#27;[90m# com.gomoku.steps.common_given.CommonGiven.systemHasPlayers(java.util.List<java.util.Map<java.lang.String, java.lang.String>>)&amp#27;[0m
    | username | email             |
    | alice    | alice@example.com |
  &amp#27;[32mWhen &amp#27;[0m&amp#27;[32m訪客以 username &amp#27;[0m&amp#27;[32m&amp#27;[1m"carol"&amp#27;[0m&amp#27;[32m 與 email &amp#27;[0m&amp#27;[32m&amp#27;[1m"carol@example.com"&amp#27;[0m&amp#27;[32m 與密碼 &amp#27;[0m&amp#27;[32m&amp#27;[1m"abcdefgh"&amp#27;[0m&amp#27;[32m 註冊&amp#27;[0m &amp#27;[90m# com.gomoku.steps.user.UserSteps.guestRegistersWithUsernameEmailPassword(java.lang.String,java.lang.String,java.lang.String)&amp#27;[0m
  &amp#27;[32mThen &amp#27;[0m&amp#27;[32m操作失敗，錯誤為 &amp#27;[0m&amp#27;[32m&amp#27;[1m"密碼須同時包含英文小寫字母與數字"&amp#27;[0m                                        &amp#27;[90m# com.gomoku.steps.common_then.CommonThen.operationFailedWithError(java.lang.String)&amp#27;[0m
]]></system-out>
  </testcase>
  <testcase name="密碼缺少英文小寫字母註冊時操作失敗" classname="前置（參數）- 密碼至少 8 碼且須同時含英文小寫字母與數字" time="0.14">
    <system-out><![CDATA[2026-06-15T14:58:20.436Z  INFO 91 --- [gomoku] [           main] t.c.s.AnnotationConfigContextLoaderUtils : Could not detect default configuration classes for test class [com.gomoku.cucumber.CucumberSpringConfiguration]: CucumberSpringConfiguration does not declare any static, non-private, non-final, nested classes annotated with @Configuration.
2026-06-15T14:58:20.437Z  INFO 91 --- [gomoku] [           main] .b.t.c.SpringBootTestContextBootstrapper : Found @SpringBootConfiguration com.gomoku.Application for test class com.gomoku.cucumber.CucumberSpringConfiguration

@ignore @command
Example: 密碼缺少英文小寫字母註冊時操作失敗                                                &amp#27;[90m# features/user/註冊帳號.feature:37&amp#27;[0m
  &amp#27;[32mGiven &amp#27;[0m&amp#27;[32m系統中已存在以下玩家：&amp#27;[0m                                                       &amp#27;[90m# com.gomoku.steps.common_given.CommonGiven.systemHasPlayers(java.util.List<java.util.Map<java.lang.String, java.lang.String>>)&amp#27;[0m
    | username | email             |
    | alice    | alice@example.com |
  &amp#27;[32mWhen &amp#27;[0m&amp#27;[32m訪客以 username &amp#27;[0m&amp#27;[32m&amp#27;[1m"carol"&amp#27;[0m&amp#27;[32m 與 email &amp#27;[0m&amp#27;[32m&amp#27;[1m"carol@example.com"&amp#27;[0m&amp#27;[32m 與密碼 &amp#27;[0m&amp#27;[32m&amp#27;[1m"12345678"&amp#27;[0m&amp#27;[32m 註冊&amp#27;[0m &amp#27;[90m# com.gomoku.steps.user.UserSteps.guestRegistersWithUsernameEmailPassword(java.lang.String,java.lang.String,java.lang.String)&amp#27;[0m
  &amp#27;[32mThen &amp#27;[0m&amp#27;[32m操作失敗，錯誤為 &amp#27;[0m&amp#27;[32m&amp#27;[1m"密碼須同時包含英文小寫字母與數字"&amp#27;[0m                                        &amp#27;[90m# com.gomoku.steps.common_then.CommonThen.operationFailedWithError(java.lang.String)&amp#27;[0m
]]></system-out>
  </testcase>
  <testcase name="以全新帳號註冊後建立成功" classname="後置（狀態）- 註冊成功後系統建立玩家帳號並發布 PlayerRegistered 事件" time="0.257">
    <system-out><![CDATA[2026-06-15T14:58:20.576Z  INFO 91 --- [gomoku] [           main] t.c.s.AnnotationConfigContextLoaderUtils : Could not detect default configuration classes for test class [com.gomoku.cucumber.CucumberSpringConfiguration]: CucumberSpringConfiguration does not declare any static, non-private, non-final, nested classes annotated with @Configuration.
2026-06-15T14:58:20.576Z  INFO 91 --- [gomoku] [           main] .b.t.c.SpringBootTestContextBootstrapper : Found @SpringBootConfiguration com.gomoku.Application for test class com.gomoku.cucumber.CucumberSpringConfiguration

@ignore @command
Example: 以全新帳號註冊後建立成功                                                      &amp#27;[90m# features/user/註冊帳號.feature:43&amp#27;[0m
  &amp#27;[32mGiven &amp#27;[0m&amp#27;[32m系統中已存在以下玩家：&amp#27;[0m                                                        &amp#27;[90m# com.gomoku.steps.common_given.CommonGiven.systemHasPlayers(java.util.List<java.util.Map<java.lang.String, java.lang.String>>)&amp#27;[0m
    | username | email             |
    | alice    | alice@example.com |
  &amp#27;[32mWhen &amp#27;[0m&amp#27;[32m訪客以 username &amp#27;[0m&amp#27;[32m&amp#27;[1m"carol"&amp#27;[0m&amp#27;[32m 與 email &amp#27;[0m&amp#27;[32m&amp#27;[1m"carol@example.com"&amp#27;[0m&amp#27;[32m 與密碼 &amp#27;[0m&amp#27;[32m&amp#27;[1m"P@ssw0rd1"&amp#27;[0m&amp#27;[32m 註冊&amp#27;[0m &amp#27;[90m# com.gomoku.steps.user.UserSteps.guestRegistersWithUsernameEmailPassword(java.lang.String,java.lang.String,java.lang.String)&amp#27;[0m
  &amp#27;[32mThen &amp#27;[0m&amp#27;[32m操作成功&amp#27;[0m                                                                &amp#27;[90m# com.gomoku.steps.common_then.CommonThen.operationSuccessful()&amp#27;[0m
  &amp#27;[32mAnd &amp#27;[0m&amp#27;[32m系統中存在 username 為 &amp#27;[0m&amp#27;[32m&amp#27;[1m"carol"&amp#27;[0m&amp#27;[32m 的玩家&amp#27;[0m                                         &amp#27;[90m# com.gomoku.steps.user.UserSteps.systemContainsPlayerWithUsername(java.lang.String)&amp#27;[0m
  &amp#27;[32mAnd &amp#27;[0m&amp#27;[32m密碼以雜湊形式儲存，不以明文保存&amp#27;[0m                                                     &amp#27;[90m# com.gomoku.steps.user.UserSteps.passwordStoredAsHash()&amp#27;[0m
]]></system-out>
  </testcase>
</testsuite>